Info 0    [11:32:12.958] Starting TS Server
Info 1    [11:32:12.959] Version: 4.2.4
Info 2    [11:32:12.959] Arguments: /home/niedzwiedz/.config/nvm/versions/node/v16.1.0/bin/node /home/niedzwiedz/.config/nvm/versions/node/v16.1.0/bin/tsserver --logFile /home/niedzwiedz/Programming/atme-website/.log/tsserver.log --logVerbosity info --cancellationPipeName /tmp/60d0eb65c6b848bbd8a4b3902c292d7a/tscancellation*
Info 3    [11:32:12.959] Platform: linux NodeVersion: 16 CaseSensitive: true
Info 4    [11:32:12.959] ServerMode: undefined syntaxOnly: false hasUnknownServerMode: undefined
Info 5    [11:32:15.219] Search path: /home/niedzwiedz/Programming/atme-website/src
Info 6    [11:32:15.220] For info: /home/niedzwiedz/Programming/atme-website/src/data.ts :: Config file name: /home/niedzwiedz/Programming/atme-website/tsconfig.json
Info 7    [11:32:15.220] Opened configuration file /home/niedzwiedz/Programming/atme-website/tsconfig.json
Info 8    [11:32:15.234] Config: /home/niedzwiedz/Programming/atme-website/tsconfig.json : {
 "rootNames": [
  "/home/niedzwiedz/Programming/atme-website/src/global.d.ts",
  "/home/niedzwiedz/Programming/atme-website/src/data.ts"
 ],
 "options": {
  "moduleResolution": 2,
  "module": 6,
  "lib": [
   "lib.es2020.d.ts"
  ],
  "target": 6,
  "importsNotUsedAsValues": 2,
  "isolatedModules": true,
  "resolveJsonModule": true,
  "sourceMap": true,
  "esModuleInterop": true,
  "skipLibCheck": true,
  "forceConsistentCasingInFileNames": true,
  "baseUrl": "/home/niedzwiedz/Programming/atme-website",
  "allowJs": true,
  "checkJs": true,
  "paths": {
   "$lib/*": [
    "src/lib/*"
   ]
  },
  "pathsBasePath": "/home/niedzwiedz/Programming/atme-website",
  "configFilePath": "/home/niedzwiedz/Programming/atme-website/tsconfig.json"
 }
}
Info 9    [11:32:15.244] Starting updateGraphWorker: Project: /home/niedzwiedz/Programming/atme-website/tsconfig.json
Info 10   [11:32:16.321] Finishing updateGraphWorker: Project: /home/niedzwiedz/Programming/atme-website/tsconfig.json Version: 1 structureChanged: true Elapsed: 1077.2004079818726ms
Info 11   [11:32:16.321] Project '/home/niedzwiedz/Programming/atme-website/tsconfig.json' (Configured)
Info 12   [11:32:16.321] 	Files (149)

Info 13   [11:32:16.321] -----------------------------------------------
Info 14   [11:32:18.674] Starting updateGraphWorker: Project: /home/niedzwiedz/Programming/atme-website/tsconfig.json
Info 15   [11:32:18.681] Finishing updateGraphWorker: Project: /home/niedzwiedz/Programming/atme-website/tsconfig.json Version: 2 structureChanged: false Elapsed: 6.88825798034668ms
Info 16   [11:32:18.681] Different program with same set of files:: structureIsReused:: 2
Info 17   [11:32:18.682] getCompletionData: Get current token: 0.004880964756011963
Info 18   [11:32:18.682] getCompletionData: Is inside comment: 0.015819966793060303
Info 19   [11:32:18.682] getCompletionData: Get previous token 1: 0.008980035781860352
Info 20   [11:32:18.682] getCompletionData: Get previous token 2: 0.015900015830993652
Info 21   [11:32:18.685] getSymbolsFromOtherSourceFileExports: Recomputing list
Info 22   [11:32:18.697] forEachExternalModuleToImportFrom: filtered out 109 modules by package.json contents
Info 23   [11:32:18.698] getSymbolsFromOtherSourceFileExports: 13.105113983154297
Info 24   [11:32:18.700] getCompletionData: Semantic work: 18.549376010894775
Info 25   [11:32:18.720] getCompletionsAtPosition: getCompletionEntriesFromSymbols: 18.89697802066803
Info 26   [11:32:18.818] getCompletionData: Get current token: 0.0055699944496154785
Info 27   [11:32:18.818] getCompletionData: Is inside comment: 0.01398998498916626
Info 28   [11:32:18.818] getCompletionData: Get previous token 1: 0.009159982204437256
Info 29   [11:32:18.818] getCompletionData: Get previous token 2: 0.008970022201538086
Info 30   [11:32:18.820] getSymbolsFromOtherSourceFileExports: Using cached list
Info 31   [11:32:18.822] getCompletionData: Semantic work: 3.8763559460639954
Info 32   [11:32:18.831] getCompletionsAtPosition: getCompletionEntriesFromSymbols: 8.575284004211426
Info 33   [11:32:18.834] getCompletionData: Get current token: 0.0033299922943115234
Info 34   [11:32:18.834] getCompletionData: Is inside comment: 0.022329986095428467
Info 35   [11:32:18.835] getCompletionData: Get previous token 1: 0.01130002737045288
Info 36   [11:32:18.835] getCompletionData: Get previous token 2: 0.006300032138824463
Info 37   [11:32:18.837] getSymbolsFromOtherSourceFileExports: Using cached list
Info 38   [11:32:18.839] getCompletionData: Semantic work: 4.178537011146545
Info 39   [11:32:18.851] getCompletionsAtPosition: getCompletionEntriesFromSymbols: 11.949708998203278
Info 40   [11:32:19.583] Starting updateGraphWorker: Project: /home/niedzwiedz/Programming/atme-website/tsconfig.json
Info 41   [11:32:19.589] Finishing updateGraphWorker: Project: /home/niedzwiedz/Programming/atme-website/tsconfig.json Version: 3 structureChanged: false Elapsed: 5.733382999897003ms
Info 42   [11:32:19.589] Different program with same set of files:: structureIsReused:: 2
Info 43   [11:32:20.986] Starting updateGraphWorker: Project: /home/niedzwiedz/Programming/atme-website/tsconfig.json
Info 44   [11:32:20.992] Finishing updateGraphWorker: Project: /home/niedzwiedz/Programming/atme-website/tsconfig.json Version: 4 structureChanged: false Elapsed: 5.239539980888367ms
Info 45   [11:32:20.992] Different program with same set of files:: structureIsReused:: 2
Info 46   [11:32:20.992] getCompletionData: Get current token: 0.0035500526428222656
Info 47   [11:32:20.992] getCompletionData: Is inside comment: 0.023190021514892578
Info 48   [11:32:20.992] getCompletionData: Get previous token 1: 0.011730015277862549
Info 49   [11:32:20.992] getCompletionData: Get previous token 2: 0.023299992084503174
Info 50   [11:32:20.992] getCompletionsAtPosition: isCompletionListBlocker: 0.11321097612380981
Info 51   [11:32:20.992] Returning an empty list because completion was requested in an invalid position.
Info 52   [11:32:21.002] getCompletionData: Get current token: 0.0034599900245666504
Info 53   [11:32:21.002] getCompletionData: Is inside comment: 0.01521998643875122
Info 54   [11:32:21.002] getCompletionData: Get previous token 1: 0.010720014572143555
Info 55   [11:32:21.002] getCompletionData: Get previous token 2: 0.020730018615722656
Info 56   [11:32:21.002] getCompletionsAtPosition: isCompletionListBlocker: 0.002160012722015381
Info 57   [11:32:21.002] Returning an empty list because completion was requested in an invalid position.
Info 58   [11:32:21.025] getCompletionData: Get current token: 0.0029900074005126953
Info 59   [11:32:21.025] getCompletionData: Is inside comment: 0.014519989490509033
Info 60   [11:32:21.025] getCompletionData: Get previous token 1: 0.01052999496459961
Info 61   [11:32:21.025] getCompletionData: Get previous token 2: 0.01482999324798584
Info 62   [11:32:21.025] getCompletionsAtPosition: isCompletionListBlocker: 0.0017600059509277344
Info 63   [11:32:21.025] Returning an empty list because completion was requested in an invalid position.
Info 64   [11:32:21.649] Starting updateGraphWorker: Project: /home/niedzwiedz/Programming/atme-website/tsconfig.json
Info 65   [11:32:21.655] Finishing updateGraphWorker: Project: /home/niedzwiedz/Programming/atme-website/tsconfig.json Version: 5 structureChanged: false Elapsed: 5.084402024745941ms
Info 66   [11:32:21.655] Different program with same set of files:: structureIsReused:: 2
Info 67   [11:32:38.898] Starting updateGraphWorker: Project: /home/niedzwiedz/Programming/atme-website/tsconfig.json
Info 68   [11:32:38.906] Finishing updateGraphWorker: Project: /home/niedzwiedz/Programming/atme-website/tsconfig.json Version: 6 structureChanged: false Elapsed: 7.872856974601746ms
Info 69   [11:32:38.906] Different program with same set of files:: structureIsReused:: 2
Info 70   [11:32:41.727] Starting updateGraphWorker: Project: /home/niedzwiedz/Programming/atme-website/tsconfig.json
Info 71   [11:32:41.736] Finishing updateGraphWorker: Project: /home/niedzwiedz/Programming/atme-website/tsconfig.json Version: 7 structureChanged: false Elapsed: 9.11824494600296ms
Info 72   [11:32:41.736] Different program with same set of files:: structureIsReused:: 2
Info 73   [11:32:42.628] Starting updateGraphWorker: Project: /home/niedzwiedz/Programming/atme-website/tsconfig.json
Info 74   [11:32:42.634] Finishing updateGraphWorker: Project: /home/niedzwiedz/Programming/atme-website/tsconfig.json Version: 8 structureChanged: false Elapsed: 6.1895909905433655ms
Info 75   [11:32:42.634] Different program with same set of files:: structureIsReused:: 2
Info 76   [11:32:45.025] Starting updateGraphWorker: Project: /home/niedzwiedz/Programming/atme-website/tsconfig.json
Info 77   [11:32:45.032] Finishing updateGraphWorker: Project: /home/niedzwiedz/Programming/atme-website/tsconfig.json Version: 9 structureChanged: false Elapsed: 6.3506410121917725ms
Info 78   [11:32:45.032] Different program with same set of files:: structureIsReused:: 2
Info 79   [11:32:45.306] Starting updateGraphWorker: Project: /home/niedzwiedz/Programming/atme-website/tsconfig.json
Info 80   [11:32:45.311] Finishing updateGraphWorker: Project: /home/niedzwiedz/Programming/atme-website/tsconfig.json Version: 10 structureChanged: false Elapsed: 5.183975040912628ms
Info 81   [11:32:45.311] Different program with same set of files:: structureIsReused:: 2
Info 82   [11:32:47.946] Starting updateGraphWorker: Project: /home/niedzwiedz/Programming/atme-website/tsconfig.json
Info 83   [11:32:47.951] Finishing updateGraphWorker: Project: /home/niedzwiedz/Programming/atme-website/tsconfig.json Version: 11 structureChanged: false Elapsed: 4.970164954662323ms
Info 84   [11:32:47.952] Different program with same set of files:: structureIsReused:: 2
Info 85   [11:32:48.957] Starting updateGraphWorker: Project: /home/niedzwiedz/Programming/atme-website/tsconfig.json
Info 86   [11:32:48.966] Finishing updateGraphWorker: Project: /home/niedzwiedz/Programming/atme-website/tsconfig.json Version: 12 structureChanged: false Elapsed: 8.255042970180511ms
Info 87   [11:32:48.966] Different program with same set of files:: structureIsReused:: 2
Info 88   [11:53:28.044] Starting updateGraphWorker: Project: /home/niedzwiedz/Programming/atme-website/tsconfig.json
Info 89   [11:53:28.049] Finishing updateGraphWorker: Project: /home/niedzwiedz/Programming/atme-website/tsconfig.json Version: 13 structureChanged: false Elapsed: 5.532697021961212ms
Info 90   [11:53:28.049] Different program with same set of files:: structureIsReused:: 2
Info 91   [11:53:28.365] Starting updateGraphWorker: Project: /home/niedzwiedz/Programming/atme-website/tsconfig.json
Info 92   [11:53:28.371] Finishing updateGraphWorker: Project: /home/niedzwiedz/Programming/atme-website/tsconfig.json Version: 14 structureChanged: false Elapsed: 6.319831013679504ms
Info 93   [11:53:28.371] Different program with same set of files:: structureIsReused:: 2
Info 94   [11:53:37.985] Starting updateGraphWorker: Project: /home/niedzwiedz/Programming/atme-website/tsconfig.json
Info 95   [11:53:37.991] Finishing updateGraphWorker: Project: /home/niedzwiedz/Programming/atme-website/tsconfig.json Version: 15 structureChanged: false Elapsed: 5.643598020076752ms
Info 96   [11:53:37.991] Different program with same set of files:: structureIsReused:: 2
Info 97   [11:53:38.240] Starting updateGraphWorker: Project: /home/niedzwiedz/Programming/atme-website/tsconfig.json
Info 98   [11:53:38.246] Finishing updateGraphWorker: Project: /home/niedzwiedz/Programming/atme-website/tsconfig.json Version: 16 structureChanged: false Elapsed: 5.724121034145355ms
Info 99   [11:53:38.246] Different program with same set of files:: structureIsReused:: 2
Info 100  [11:53:40.133] Starting updateGraphWorker: Project: /home/niedzwiedz/Programming/atme-website/tsconfig.json
Info 101  [11:53:40.139] Finishing updateGraphWorker: Project: /home/niedzwiedz/Programming/atme-website/tsconfig.json Version: 17 structureChanged: false Elapsed: 5.7037400007247925ms
Info 102  [11:53:40.139] Different program with same set of files:: structureIsReused:: 2
Info 103  [11:53:41.563] Starting updateGraphWorker: Project: /home/niedzwiedz/Programming/atme-website/tsconfig.json
Info 104  [11:53:41.569] Finishing updateGraphWorker: Project: /home/niedzwiedz/Programming/atme-website/tsconfig.json Version: 18 structureChanged: false Elapsed: 5.737221002578735ms
Info 105  [11:53:41.569] Different program with same set of files:: structureIsReused:: 2
Info 106  [11:54:06.669] Starting updateGraphWorker: Project: /home/niedzwiedz/Programming/atme-website/tsconfig.json
Info 107  [11:54:06.675] Finishing updateGraphWorker: Project: /home/niedzwiedz/Programming/atme-website/tsconfig.json Version: 19 structureChanged: false Elapsed: 5.858303010463715ms
Info 108  [11:54:06.675] Different program with same set of files:: structureIsReused:: 2
Info 109  [11:54:07.216] Starting updateGraphWorker: Project: /home/niedzwiedz/Programming/atme-website/tsconfig.json
Info 110  [11:54:07.222] Finishing updateGraphWorker: Project: /home/niedzwiedz/Programming/atme-website/tsconfig.json Version: 20 structureChanged: false Elapsed: 6.15131801366806ms
Info 111  [11:54:07.222] Different program with same set of files:: structureIsReused:: 2
Info 112  [11:54:07.565] Starting updateGraphWorker: Project: /home/niedzwiedz/Programming/atme-website/tsconfig.json
Info 113  [11:54:07.574] Finishing updateGraphWorker: Project: /home/niedzwiedz/Programming/atme-website/tsconfig.json Version: 21 structureChanged: false Elapsed: 9.010554015636444ms
Info 114  [11:54:07.574] Different program with same set of files:: structureIsReused:: 2
Info 115  [11:54:08.975] Starting updateGraphWorker: Project: /home/niedzwiedz/Programming/atme-website/tsconfig.json
Info 116  [11:54:08.982] Finishing updateGraphWorker: Project: /home/niedzwiedz/Programming/atme-website/tsconfig.json Version: 22 structureChanged: false Elapsed: 7.357651948928833ms
Info 117  [11:54:08.982] Different program with same set of files:: structureIsReused:: 2
Info 118  [11:54:12.574] Starting updateGraphWorker: Project: /home/niedzwiedz/Programming/atme-website/tsconfig.json
Info 119  [11:54:12.582] Finishing updateGraphWorker: Project: /home/niedzwiedz/Programming/atme-website/tsconfig.json Version: 23 structureChanged: false Elapsed: 8.475704967975616ms
Info 120  [11:54:12.582] Different program with same set of files:: structureIsReused:: 2
Info 121  [11:54:12.828] Starting updateGraphWorker: Project: /home/niedzwiedz/Programming/atme-website/tsconfig.json
Info 122  [11:54:12.835] Finishing updateGraphWorker: Project: /home/niedzwiedz/Programming/atme-website/tsconfig.json Version: 24 structureChanged: false Elapsed: 6.281651973724365ms
Info 123  [11:54:12.835] Different program with same set of files:: structureIsReused:: 2
Info 124  [11:54:14.313] Starting updateGraphWorker: Project: /home/niedzwiedz/Programming/atme-website/tsconfig.json
Info 125  [11:54:14.319] Finishing updateGraphWorker: Project: /home/niedzwiedz/Programming/atme-website/tsconfig.json Version: 25 structureChanged: false Elapsed: 6.569016993045807ms
Info 126  [11:54:14.319] Different program with same set of files:: structureIsReused:: 2
Info 127  [11:56:03.353] FileWatcher:: Triggered with /home/niedzwiedz/Programming/atme-website/package.json 1:: WatchInfo: /home/niedzwiedz/Programming/atme-website/package.json 250 undefined Project:  WatchType: package.json file for import suggestions
Info 128  [11:56:03.354] Elapsed:: 1.0160599946975708ms FileWatcher:: Triggered with /home/niedzwiedz/Programming/atme-website/package.json 1:: WatchInfo: /home/niedzwiedz/Programming/atme-website/package.json 250 undefined Project:  WatchType: package.json file for import suggestions
Info 129  [11:56:03.694] Starting updateGraphWorker: Project: /home/niedzwiedz/Programming/atme-website/tsconfig.json
Info 130  [11:56:03.701] Finishing updateGraphWorker: Project: /home/niedzwiedz/Programming/atme-website/tsconfig.json Version: 26 structureChanged: false Elapsed: 7.821282982826233ms
Info 131  [11:56:03.702] Different program with same set of files:: structureIsReused:: 2
Info 132  [12:02:36.401] Starting updateGraphWorker: Project: /home/niedzwiedz/Programming/atme-website/tsconfig.json
Info 133  [12:02:36.407] Finishing updateGraphWorker: Project: /home/niedzwiedz/Programming/atme-website/tsconfig.json Version: 27 structureChanged: false Elapsed: 5.790211975574493ms
Info 134  [12:02:36.407] Different program with same set of files:: structureIsReused:: 2
Info 135  [12:02:36.651] Starting updateGraphWorker: Project: /home/niedzwiedz/Programming/atme-website/tsconfig.json
Info 136  [12:02:36.657] Finishing updateGraphWorker: Project: /home/niedzwiedz/Programming/atme-website/tsconfig.json Version: 28 structureChanged: false Elapsed: 6.6183560490608215ms
Info 137  [12:02:36.658] Different program with same set of files:: structureIsReused:: 2
Info 138  [12:02:36.658] Starting updateGraphWorker: Project: /home/niedzwiedz/Programming/atme-website/tsconfig.json
Info 139  [12:02:36.664] Finishing updateGraphWorker: Project: /home/niedzwiedz/Programming/atme-website/tsconfig.json Version: 29 structureChanged: false Elapsed: 5.503010988235474ms
Info 140  [12:02:36.664] Different program with same set of files:: structureIsReused:: 2
Info 141  [12:02:38.010] Starting updateGraphWorker: Project: /home/niedzwiedz/Programming/atme-website/tsconfig.json
Info 142  [12:02:38.018] Finishing updateGraphWorker: Project: /home/niedzwiedz/Programming/atme-website/tsconfig.json Version: 30 structureChanged: false Elapsed: 7.991021990776062ms
Info 143  [12:02:38.018] Different program with same set of files:: structureIsReused:: 2
Info 144  [12:02:38.622] Starting updateGraphWorker: Project: /home/niedzwiedz/Programming/atme-website/tsconfig.json
Info 145  [12:02:38.627] Finishing updateGraphWorker: Project: /home/niedzwiedz/Programming/atme-website/tsconfig.json Version: 31 structureChanged: false Elapsed: 5.4065409898757935ms
Info 146  [12:02:38.627] Different program with same set of files:: structureIsReused:: 2
Info 147  [12:02:38.629] getCompletionData: Get current token: 0.00457000732421875
Info 148  [12:02:38.629] getCompletionData: Is inside comment: 0.023550033569335938
Info 149  [12:02:38.629] getCompletionData: Get previous token 1: 0.016860008239746094
Info 150  [12:02:38.629] getCompletionData: Get previous token 2: 0.0212399959564209
Info 151  [12:02:38.629] getCompletionsAtPosition: isCompletionListBlocker: 0.16516101360321045
Info 152  [12:02:38.629] Returning an empty list because completion was requested in an invalid position.
Info 153  [12:02:38.636] getCompletionData: Get current token: 0.0023499727249145508
Info 154  [12:02:38.636] getCompletionData: Is inside comment: 0.017110049724578857
Info 155  [12:02:38.636] getCompletionData: Get previous token 1: 0.014609992504119873
Info 156  [12:02:38.636] getCompletionData: Get previous token 2: 0.020020008087158203
Info 157  [12:02:38.636] getCompletionsAtPosition: isCompletionListBlocker: 0.004059970378875732
Info 158  [12:02:38.636] Returning an empty list because completion was requested in an invalid position.
Info 159  [12:02:38.636] getCompletionData: Get current token: 0.0034799575805664062
Info 160  [12:02:38.636] getCompletionData: Is inside comment: 0.02024000883102417
Info 161  [12:02:38.636] getCompletionData: Get previous token 1: 0.01699000597000122
Info 162  [12:02:38.636] getCompletionData: Get previous token 2: 0.020020008087158203
Info 163  [12:02:38.636] getCompletionsAtPosition: isCompletionListBlocker: 0.005259990692138672
Info 164  [12:02:38.636] Returning an empty list because completion was requested in an invalid position.
Info 165  [12:02:38.636] Starting updateGraphWorker: Project: /home/niedzwiedz/Programming/atme-website/tsconfig.json
Info 166  [12:02:38.641] Finishing updateGraphWorker: Project: /home/niedzwiedz/Programming/atme-website/tsconfig.json Version: 32 structureChanged: false Elapsed: 5.211701989173889ms
Info 167  [12:02:38.641] Different program with same set of files:: structureIsReused:: 2
Info 168  [12:02:38.836] getCompletionData: Get current token: 0.0023000240325927734
Info 169  [12:02:38.836] getCompletionData: Is inside comment: 0.016160011291503906
Info 170  [12:02:38.836] getCompletionData: Get previous token 1: 0.012369990348815918
Info 171  [12:02:38.836] getCompletionData: Get previous token 2: 0.022729992866516113
Info 172  [12:02:38.837] getCompletionsAtPosition: isCompletionListBlocker: 0.002629995346069336
Info 173  [12:02:38.837] Returning an empty list because completion was requested in an invalid position.
Info 174  [12:02:38.837] getCompletionData: Get current token: 0.0030500292778015137
Info 175  [12:02:38.837] getCompletionData: Is inside comment: 0.018790006637573242
Info 176  [12:02:38.837] getCompletionData: Get previous token 1: 0.014780044555664062
Info 177  [12:02:38.837] getCompletionData: Get previous token 2: 0.018420040607452393
Info 178  [12:02:38.837] getCompletionsAtPosition: isCompletionListBlocker: 0.0024399757385253906
Info 179  [12:02:38.837] Returning an empty list because completion was requested in an invalid position.
Info 180  [12:02:38.838] getCompletionData: Get current token: 0.0021199584007263184
Info 181  [12:02:38.838] getCompletionData: Is inside comment: 0.01951998472213745
Info 182  [12:02:38.838] getCompletionData: Get previous token 1: 0.015150010585784912
Info 183  [12:02:38.838] getCompletionData: Get previous token 2: 0.01837998628616333
Info 184  [12:02:38.838] getCompletionsAtPosition: isCompletionListBlocker: 0.00261002779006958
Info 185  [12:02:38.838] Returning an empty list because completion was requested in an invalid position.
Info 186  [12:02:40.599] Starting updateGraphWorker: Project: /home/niedzwiedz/Programming/atme-website/tsconfig.json
Info 187  [12:02:40.607] Finishing updateGraphWorker: Project: /home/niedzwiedz/Programming/atme-website/tsconfig.json Version: 33 structureChanged: false Elapsed: 7.6920300126075745ms
Info 188  [12:02:40.607] Different program with same set of files:: structureIsReused:: 2
Info 189  [12:02:42.316] Starting updateGraphWorker: Project: /home/niedzwiedz/Programming/atme-website/tsconfig.json
Info 190  [12:02:42.321] Finishing updateGraphWorker: Project: /home/niedzwiedz/Programming/atme-website/tsconfig.json Version: 34 structureChanged: false Elapsed: 4.660679042339325ms
Info 191  [12:02:42.321] Different program with same set of files:: structureIsReused:: 2
Info 192  [12:02:42.321] getCompletionData: Get current token: 0.0029700398445129395
Info 193  [12:02:42.321] getCompletionData: Is inside comment: 0.017309963703155518
Info 194  [12:02:42.321] getCompletionData: Get previous token 1: 0.010989964008331299
Info 195  [12:02:42.321] getCompletionData: Get previous token 2: 0.018519997596740723
Info 196  [12:02:42.321] getCompletionsAtPosition: isCompletionListBlocker: 0.10008102655410767
Info 197  [12:02:42.326] getSymbolsFromOtherSourceFileExports: Recomputing list
Info 198  [12:02:42.337] forEachExternalModuleToImportFrom: filtered out 109 modules by package.json contents
Info 199  [12:02:42.341] getSymbolsFromOtherSourceFileExports: 15.237201988697052
Info 200  [12:02:42.346] getCompletionData: Semantic work: 24.815670013427734
Info 201  [12:02:42.361] getCompletionsAtPosition: getCompletionEntriesFromSymbols: 14.099054992198944
Info 202  [12:02:42.489] getCompletionData: Get current token: 0.003949999809265137
Info 203  [12:02:42.489] getCompletionData: Is inside comment: 0.014800012111663818
Info 204  [12:02:42.489] getCompletionData: Get previous token 1: 0.011040031909942627
Info 205  [12:02:42.489] getCompletionData: Get previous token 2: 0.020799994468688965
Info 206  [12:02:42.489] getCompletionsAtPosition: isCompletionListBlocker: 0.0030699968338012695
Info 207  [12:02:42.492] getSymbolsFromOtherSourceFileExports: Using cached list
Info 208  [12:02:42.494] getCompletionData: Semantic work: 5.388352036476135
Info 209  [12:02:42.504] getCompletionsAtPosition: getCompletionEntriesFromSymbols: 9.796009004116058
Info 210  [12:02:42.509] getCompletionData: Get current token: 0.002519965171813965
Info 211  [12:02:42.509] getCompletionData: Is inside comment: 0.014180004596710205
Info 212  [12:02:42.509] getCompletionData: Get previous token 1: 0.010490000247955322
Info 213  [12:02:42.509] getCompletionData: Get previous token 2: 0.020270049571990967
Info 214  [12:02:42.509] getCompletionsAtPosition: isCompletionListBlocker: 0.0025500059127807617
Info 215  [12:02:42.510] getSymbolsFromOtherSourceFileExports: Using cached list
Info 216  [12:02:42.514] getCompletionData: Semantic work: 4.836199998855591
Info 217  [12:02:42.521] getCompletionsAtPosition: getCompletionEntriesFromSymbols: 6.020514965057373
Info 218  [12:02:42.692] Starting updateGraphWorker: Project: /home/niedzwiedz/Programming/atme-website/tsconfig.json
Info 219  [12:02:42.696] Finishing updateGraphWorker: Project: /home/niedzwiedz/Programming/atme-website/tsconfig.json Version: 35 structureChanged: false Elapsed: 3.869975984096527ms
Info 220  [12:02:42.696] Different program with same set of files:: structureIsReused:: 2
Info 221  [12:02:43.006] Starting updateGraphWorker: Project: /home/niedzwiedz/Programming/atme-website/tsconfig.json
Info 222  [12:02:43.011] Finishing updateGraphWorker: Project: /home/niedzwiedz/Programming/atme-website/tsconfig.json Version: 36 structureChanged: false Elapsed: 5.683483004570007ms
Info 223  [12:02:43.012] Different program with same set of files:: structureIsReused:: 2
Info 224  [12:02:43.303] Starting updateGraphWorker: Project: /home/niedzwiedz/Programming/atme-website/tsconfig.json
Info 225  [12:02:43.307] Finishing updateGraphWorker: Project: /home/niedzwiedz/Programming/atme-website/tsconfig.json Version: 37 structureChanged: false Elapsed: 3.653955042362213ms
Info 226  [12:02:43.307] Different program with same set of files:: structureIsReused:: 2
Info 227  [12:02:43.307] getCompletionData: Get current token: 0.002200007438659668
Info 228  [12:02:43.307] getCompletionData: Is inside comment: 0.012899994850158691
Info 229  [12:02:43.307] getCompletionData: Get previous token 1: 0.00950998067855835
Info 230  [12:02:43.307] getCompletionData: Get previous token 2: 0.018909990787506104
Info 231  [12:02:43.307] getCompletionsAtPosition: isCompletionListBlocker: 0.002429962158203125
Info 232  [12:02:43.310] getSymbolsFromOtherSourceFileExports: Using cached list
Info 233  [12:02:43.315] getCompletionData: Semantic work: 7.446789979934692
Info 234  [12:02:43.322] getCompletionsAtPosition: getCompletionEntriesFromSymbols: 6.880397021770477
Info 235  [12:02:43.721] Starting updateGraphWorker: Project: /home/niedzwiedz/Programming/atme-website/tsconfig.json
Info 236  [12:02:43.725] Finishing updateGraphWorker: Project: /home/niedzwiedz/Programming/atme-website/tsconfig.json Version: 38 structureChanged: false Elapsed: 4.084455966949463ms
Info 237  [12:02:43.725] Different program with same set of files:: structureIsReused:: 2
Info 238  [12:02:44.947] Starting updateGraphWorker: Project: /home/niedzwiedz/Programming/atme-website/tsconfig.json
Info 239  [12:02:44.952] Finishing updateGraphWorker: Project: /home/niedzwiedz/Programming/atme-website/tsconfig.json Version: 39 structureChanged: false Elapsed: 4.585938036441803ms
Info 240  [12:02:44.952] Different program with same set of files:: structureIsReused:: 2
Info 241  [12:02:45.667] Starting updateGraphWorker: Project: /home/niedzwiedz/Programming/atme-website/tsconfig.json
Info 242  [12:02:45.672] Finishing updateGraphWorker: Project: /home/niedzwiedz/Programming/atme-website/tsconfig.json Version: 40 structureChanged: false Elapsed: 4.508928000926971ms
Info 243  [12:02:45.672] Different program with same set of files:: structureIsReused:: 2
Info 244  [12:02:46.277] Starting updateGraphWorker: Project: /home/niedzwiedz/Programming/atme-website/tsconfig.json
Info 245  [12:02:46.281] Finishing updateGraphWorker: Project: /home/niedzwiedz/Programming/atme-website/tsconfig.json Version: 41 structureChanged: false Elapsed: 3.943006992340088ms
Info 246  [12:02:46.281] Different program with same set of files:: structureIsReused:: 2
Info 247  [12:02:46.518] Starting updateGraphWorker: Project: /home/niedzwiedz/Programming/atme-website/tsconfig.json
Info 248  [12:02:46.524] Finishing updateGraphWorker: Project: /home/niedzwiedz/Programming/atme-website/tsconfig.json Version: 42 structureChanged: false Elapsed: 6.235296010971069ms
Info 249  [12:02:46.524] Different program with same set of files:: structureIsReused:: 2
Info 250  [12:02:46.876] Starting updateGraphWorker: Project: /home/niedzwiedz/Programming/atme-website/tsconfig.json
Info 251  [12:02:46.881] Finishing updateGraphWorker: Project: /home/niedzwiedz/Programming/atme-website/tsconfig.json Version: 43 structureChanged: false Elapsed: 4.42679899930954ms
Info 252  [12:02:46.881] Different program with same set of files:: structureIsReused:: 2
Info 253  [12:02:47.178] Starting updateGraphWorker: Project: /home/niedzwiedz/Programming/atme-website/tsconfig.json
Info 254  [12:02:47.182] Finishing updateGraphWorker: Project: /home/niedzwiedz/Programming/atme-website/tsconfig.json Version: 44 structureChanged: false Elapsed: 3.84307599067688ms
Info 255  [12:02:47.182] Different program with same set of files:: structureIsReused:: 2
Info 256  [12:02:51.745] Starting updateGraphWorker: Project: /home/niedzwiedz/Programming/atme-website/tsconfig.json
Info 257  [12:02:51.749] Finishing updateGraphWorker: Project: /home/niedzwiedz/Programming/atme-website/tsconfig.json Version: 45 structureChanged: false Elapsed: 4.056716978549957ms
Info 258  [12:02:51.749] Different program with same set of files:: structureIsReused:: 2
Info 259  [12:02:52.907] Starting updateGraphWorker: Project: /home/niedzwiedz/Programming/atme-website/tsconfig.json
Info 260  [12:02:52.914] Finishing updateGraphWorker: Project: /home/niedzwiedz/Programming/atme-website/tsconfig.json Version: 46 structureChanged: false Elapsed: 6.686668038368225ms
Info 261  [12:02:52.914] Different program with same set of files:: structureIsReused:: 2
Info 262  [12:02:53.289] Starting updateGraphWorker: Project: /home/niedzwiedz/Programming/atme-website/tsconfig.json
Info 263  [12:02:53.295] Finishing updateGraphWorker: Project: /home/niedzwiedz/Programming/atme-website/tsconfig.json Version: 47 structureChanged: false Elapsed: 5.9744150042533875ms
Info 264  [12:02:53.295] Different program with same set of files:: structureIsReused:: 2
Info 265  [12:03:27.707] Starting updateGraphWorker: Project: /home/niedzwiedz/Programming/atme-website/tsconfig.json
Info 266  [12:03:27.714] Finishing updateGraphWorker: Project: /home/niedzwiedz/Programming/atme-website/tsconfig.json Version: 48 structureChanged: false Elapsed: 7.133616030216217ms
Info 267  [12:03:27.714] Different program with same set of files:: structureIsReused:: 2
Info 268  [12:03:29.412] Starting updateGraphWorker: Project: /home/niedzwiedz/Programming/atme-website/tsconfig.json
Info 269  [12:03:29.416] Finishing updateGraphWorker: Project: /home/niedzwiedz/Programming/atme-website/tsconfig.json Version: 49 structureChanged: false Elapsed: 3.863409996032715ms
Info 270  [12:03:29.416] Different program with same set of files:: structureIsReused:: 2
Info 271  [12:03:29.951] Starting updateGraphWorker: Project: /home/niedzwiedz/Programming/atme-website/tsconfig.json
Info 272  [12:03:29.956] Finishing updateGraphWorker: Project: /home/niedzwiedz/Programming/atme-website/tsconfig.json Version: 50 structureChanged: false Elapsed: 4.406363010406494ms
Info 273  [12:03:29.956] Different program with same set of files:: structureIsReused:: 2
Info 274  [12:03:30.580] Starting updateGraphWorker: Project: /home/niedzwiedz/Programming/atme-website/tsconfig.json
Info 275  [12:03:30.584] Finishing updateGraphWorker: Project: /home/niedzwiedz/Programming/atme-website/tsconfig.json Version: 51 structureChanged: false Elapsed: 4.220802009105682ms
Info 276  [12:03:30.584] Different program with same set of files:: structureIsReused:: 2
Info 277  [12:03:49.772] Starting updateGraphWorker: Project: /home/niedzwiedz/Programming/atme-website/tsconfig.json
Info 278  [12:03:49.778] Finishing updateGraphWorker: Project: /home/niedzwiedz/Programming/atme-website/tsconfig.json Version: 52 structureChanged: false Elapsed: 6.428196012973785ms
Info 279  [12:03:49.778] Different program with same set of files:: structureIsReused:: 2
Info 280  [12:03:50.064] Starting updateGraphWorker: Project: /home/niedzwiedz/Programming/atme-website/tsconfig.json
Info 281  [12:03:50.070] Finishing updateGraphWorker: Project: /home/niedzwiedz/Programming/atme-website/tsconfig.json Version: 53 structureChanged: false Elapsed: 5.217458009719849ms
Info 282  [12:03:50.070] Different program with same set of files:: structureIsReused:: 2
Info 283  [12:03:50.729] Starting updateGraphWorker: Project: /home/niedzwiedz/Programming/atme-website/tsconfig.json
Info 284  [12:03:50.734] Finishing updateGraphWorker: Project: /home/niedzwiedz/Programming/atme-website/tsconfig.json Version: 54 structureChanged: false Elapsed: 4.899788022041321ms
Info 285  [12:03:50.734] Different program with same set of files:: structureIsReused:: 2
Info 286  [12:03:51.267] Starting updateGraphWorker: Project: /home/niedzwiedz/Programming/atme-website/tsconfig.json
Info 287  [12:03:51.272] Finishing updateGraphWorker: Project: /home/niedzwiedz/Programming/atme-website/tsconfig.json Version: 55 structureChanged: false Elapsed: 5.020677983760834ms
Info 288  [12:03:51.272] Different program with same set of files:: structureIsReused:: 2
Info 289  [12:04:19.214] Starting updateGraphWorker: Project: /home/niedzwiedz/Programming/atme-website/tsconfig.json
Info 290  [12:04:19.218] Finishing updateGraphWorker: Project: /home/niedzwiedz/Programming/atme-website/tsconfig.json Version: 56 structureChanged: false Elapsed: 4.685698986053467ms
Info 291  [12:04:19.218] Different program with same set of files:: structureIsReused:: 2
Info 292  [12:04:19.505] Starting updateGraphWorker: Project: /home/niedzwiedz/Programming/atme-website/tsconfig.json
Info 293  [12:04:19.510] Finishing updateGraphWorker: Project: /home/niedzwiedz/Programming/atme-website/tsconfig.json Version: 57 structureChanged: false Elapsed: 5.237181007862091ms
Info 294  [12:04:19.510] Different program with same set of files:: structureIsReused:: 2
Info 295  [12:04:19.823] Starting updateGraphWorker: Project: /home/niedzwiedz/Programming/atme-website/tsconfig.json
Info 296  [12:04:19.829] Finishing updateGraphWorker: Project: /home/niedzwiedz/Programming/atme-website/tsconfig.json Version: 58 structureChanged: false Elapsed: 5.567294001579285ms
Info 297  [12:04:19.829] Different program with same set of files:: structureIsReused:: 2
Info 298  [12:04:19.829] getCompletionData: Get current token: 0.00850003957748413
Info 299  [12:04:19.829] getCompletionData: Is inside comment: 0.033650994300842285
Info 300  [12:04:19.829] getCompletionData: Get previous token 1: 0.02790004014968872
Info 301  [12:04:19.830] getCompletionsAtPosition: isCompletionListBlocker: 0.12503105401992798
Info 302  [12:04:19.833] getSymbolsFromOtherSourceFileExports: Using cached list
Info 303  [12:04:19.836] getCompletionData: Semantic work: 6.3874900341033936
Info 304  [12:04:19.844] getCompletionsAtPosition: getCompletionEntriesFromSymbols: 7.317025005817413
Info 305  [12:04:19.848] getCompletionData: Get current token: 0.005649983882904053
Info 306  [12:04:19.848] getCompletionData: Is inside comment: 0.020749986171722412
Info 307  [12:04:19.848] getCompletionData: Get previous token 1: 0.017949998378753662
Info 308  [12:04:19.848] getCompletionsAtPosition: isCompletionListBlocker: 0.015871047973632812
Info 309  [12:04:19.850] getSymbolsFromOtherSourceFileExports: Using cached list
Info 310  [12:04:19.851] getCompletionData: Semantic work: 2.986126959323883
Info 311  [12:04:19.862] getCompletionsAtPosition: getCompletionEntriesFromSymbols: 9.299488008022308
Info 312  [12:04:19.865] getCompletionData: Get current token: 0.005519986152648926
Info 313  [12:04:19.865] getCompletionData: Is inside comment: 0.0229799747467041
Info 314  [12:04:19.865] getCompletionData: Get previous token 1: 0.017250001430511475
Info 315  [12:04:19.865] getCompletionsAtPosition: isCompletionListBlocker: 0.014129996299743652
Info 316  [12:04:19.868] getSymbolsFromOtherSourceFileExports: Using cached list
Info 317  [12:04:19.869] getCompletionData: Semantic work: 3.4999020099639893
Info 318  [12:04:19.873] getCompletionsAtPosition: getCompletionEntriesFromSymbols: 4.498567998409271
Info 319  [12:04:19.876] Starting updateGraphWorker: Project: /home/niedzwiedz/Programming/atme-website/tsconfig.json
Info 320  [12:04:19.880] Finishing updateGraphWorker: Project: /home/niedzwiedz/Programming/atme-website/tsconfig.json Version: 59 structureChanged: false Elapsed: 3.925193965435028ms
Info 321  [12:04:19.880] Different program with same set of files:: structureIsReused:: 2
Info 322  [12:04:30.283] Starting updateGraphWorker: Project: /home/niedzwiedz/Programming/atme-website/tsconfig.json
Info 323  [12:04:30.289] Finishing updateGraphWorker: Project: /home/niedzwiedz/Programming/atme-website/tsconfig.json Version: 60 structureChanged: false Elapsed: 6.027319014072418ms
Info 324  [12:04:30.289] Different program with same set of files:: structureIsReused:: 2
Info 325  [12:04:30.574] Starting updateGraphWorker: Project: /home/niedzwiedz/Programming/atme-website/tsconfig.json
Info 326  [12:04:30.579] Finishing updateGraphWorker: Project: /home/niedzwiedz/Programming/atme-website/tsconfig.json Version: 61 structureChanged: false Elapsed: 5.2763930559158325ms
Info 327  [12:04:30.579] Different program with same set of files:: structureIsReused:: 2
Info 328  [12:04:30.882] Starting updateGraphWorker: Project: /home/niedzwiedz/Programming/atme-website/tsconfig.json
Info 329  [12:04:30.887] Finishing updateGraphWorker: Project: /home/niedzwiedz/Programming/atme-website/tsconfig.json Version: 62 structureChanged: false Elapsed: 5.062431991100311ms
Info 330  [12:04:30.887] Different program with same set of files:: structureIsReused:: 2
Info 331  [12:04:31.571] Starting updateGraphWorker: Project: /home/niedzwiedz/Programming/atme-website/tsconfig.json
Info 332  [12:04:31.576] Finishing updateGraphWorker: Project: /home/niedzwiedz/Programming/atme-website/tsconfig.json Version: 63 structureChanged: false Elapsed: 5.3960049748420715ms
Info 333  [12:04:31.576] Different program with same set of files:: structureIsReused:: 2
Info 334  [12:09:19.003] Starting updateGraphWorker: Project: /home/niedzwiedz/Programming/atme-website/tsconfig.json
Info 335  [12:09:19.008] Finishing updateGraphWorker: Project: /home/niedzwiedz/Programming/atme-website/tsconfig.json Version: 64 structureChanged: false Elapsed: 4.958714008331299ms
Info 336  [12:09:19.009] Different program with same set of files:: structureIsReused:: 2
Info 337  [12:09:20.541] Starting updateGraphWorker: Project: /home/niedzwiedz/Programming/atme-website/tsconfig.json
Info 338  [12:09:20.547] Finishing updateGraphWorker: Project: /home/niedzwiedz/Programming/atme-website/tsconfig.json Version: 65 structureChanged: false Elapsed: 4.999123990535736ms
Info 339  [12:09:20.547] Different program with same set of files:: structureIsReused:: 2
Info 340  [12:20:52.476] Starting updateGraphWorker: Project: /home/niedzwiedz/Programming/atme-website/tsconfig.json
Info 341  [12:20:52.484] Finishing updateGraphWorker: Project: /home/niedzwiedz/Programming/atme-website/tsconfig.json Version: 66 structureChanged: false Elapsed: 7.909718990325928ms
Info 342  [12:20:52.484] Different program with same set of files:: structureIsReused:: 2
Info 343  [12:20:52.707] Starting updateGraphWorker: Project: /home/niedzwiedz/Programming/atme-website/tsconfig.json
Info 344  [12:20:52.712] Finishing updateGraphWorker: Project: /home/niedzwiedz/Programming/atme-website/tsconfig.json Version: 67 structureChanged: false Elapsed: 5.0016250014305115ms
Info 345  [12:20:52.712] Different program with same set of files:: structureIsReused:: 2
Info 346  [12:20:56.917] Starting updateGraphWorker: Project: /home/niedzwiedz/Programming/atme-website/tsconfig.json
Info 347  [12:20:56.923] Finishing updateGraphWorker: Project: /home/niedzwiedz/Programming/atme-website/tsconfig.json Version: 68 structureChanged: false Elapsed: 5.645615041255951ms
Info 348  [12:20:56.923] Different program with same set of files:: structureIsReused:: 2
Info 349  [12:20:57.376] Starting updateGraphWorker: Project: /home/niedzwiedz/Programming/atme-website/tsconfig.json
Info 350  [12:20:57.381] Finishing updateGraphWorker: Project: /home/niedzwiedz/Programming/atme-website/tsconfig.json Version: 69 structureChanged: false Elapsed: 4.597988963127136ms
Info 351  [12:20:57.381] Different program with same set of files:: structureIsReused:: 2
Info 352  [12:20:57.672] Starting updateGraphWorker: Project: /home/niedzwiedz/Programming/atme-website/tsconfig.json
Info 353  [12:20:57.677] Finishing updateGraphWorker: Project: /home/niedzwiedz/Programming/atme-website/tsconfig.json Version: 70 structureChanged: false Elapsed: 4.948903977870941ms
Info 354  [12:20:57.677] Different program with same set of files:: structureIsReused:: 2
Info 355  [12:20:58.240] Starting updateGraphWorker: Project: /home/niedzwiedz/Programming/atme-website/tsconfig.json
Info 356  [12:20:58.244] Finishing updateGraphWorker: Project: /home/niedzwiedz/Programming/atme-website/tsconfig.json Version: 71 structureChanged: false Elapsed: 4.099672019481659ms
Info 357  [12:20:58.244] Different program with same set of files:: structureIsReused:: 2
Info 358  [12:20:59.413] Starting updateGraphWorker: Project: /home/niedzwiedz/Programming/atme-website/tsconfig.json
Info 359  [12:20:59.417] Finishing updateGraphWorker: Project: /home/niedzwiedz/Programming/atme-website/tsconfig.json Version: 72 structureChanged: false Elapsed: 4.057309985160828ms
Info 360  [12:20:59.417] Different program with same set of files:: structureIsReused:: 2
Info 361  [12:21:01.498] Starting updateGraphWorker: Project: /home/niedzwiedz/Programming/atme-website/tsconfig.json
Info 362  [12:21:01.503] Finishing updateGraphWorker: Project: /home/niedzwiedz/Programming/atme-website/tsconfig.json Version: 73 structureChanged: false Elapsed: 5.364930033683777ms
Info 363  [12:21:01.504] Different program with same set of files:: structureIsReused:: 2
Info 364  [12:55:15.790] DirectoryWatcher:: Triggered with /home/niedzwiedz/Programming/atme-website/node_modules/@sveltejs/kit/node_modules :: WatchInfo: /home/niedzwiedz/Programming/atme-website/node_modules 1 undefined Project:  WatchType: node_modules for closed script infos in them
Info 365  [12:55:15.791] Elapsed:: 0.21332299709320068ms DirectoryWatcher:: Triggered with /home/niedzwiedz/Programming/atme-website/node_modules/@sveltejs/kit/node_modules :: WatchInfo: /home/niedzwiedz/Programming/atme-website/node_modules 1 undefined Project:  WatchType: node_modules for closed script infos in them
Info 366  [12:55:15.791] DirectoryWatcher:: Triggered with /home/niedzwiedz/Programming/atme-website/node_modules/@sveltejs/kit/node_modules :: WatchInfo: /home/niedzwiedz/Programming/atme-website/node_modules 1 undefined Project: /home/niedzwiedz/Programming/atme-website/tsconfig.json WatchType: Failed Lookup Locations
Info 367  [12:55:15.791] Elapsed:: 0.19377297163009644ms DirectoryWatcher:: Triggered with /home/niedzwiedz/Programming/atme-website/node_modules/@sveltejs/kit/node_modules :: WatchInfo: /home/niedzwiedz/Programming/atme-website/node_modules 1 undefined Project: /home/niedzwiedz/Programming/atme-website/tsconfig.json WatchType: Failed Lookup Locations
Info 368  [12:55:15.792] DirectoryWatcher:: Triggered with /home/niedzwiedz/Programming/atme-website/node_modules/@typescript-eslint/eslint-plugin/node_modules :: WatchInfo: /home/niedzwiedz/Programming/atme-website/node_modules 1 undefined Project:  WatchType: node_modules for closed script infos in them
Info 369  [12:55:15.792] Elapsed:: 0.050119996070861816ms DirectoryWatcher:: Triggered with /home/niedzwiedz/Programming/atme-website/node_modules/@typescript-eslint/eslint-plugin/node_modules :: WatchInfo: /home/niedzwiedz/Programming/atme-website/node_modules 1 undefined Project:  WatchType: node_modules for closed script infos in them
Info 370  [12:55:15.792] DirectoryWatcher:: Triggered with /home/niedzwiedz/Programming/atme-website/node_modules/@typescript-eslint/eslint-plugin/node_modules :: WatchInfo: /home/niedzwiedz/Programming/atme-website/node_modules 1 undefined Project: /home/niedzwiedz/Programming/atme-website/tsconfig.json WatchType: Failed Lookup Locations
Info 371  [12:55:15.792] Elapsed:: 0.031071007251739502ms DirectoryWatcher:: Triggered with /home/niedzwiedz/Programming/atme-website/node_modules/@typescript-eslint/eslint-plugin/node_modules :: WatchInfo: /home/niedzwiedz/Programming/atme-website/node_modules 1 undefined Project: /home/niedzwiedz/Programming/atme-website/tsconfig.json WatchType: Failed Lookup Locations
Info 372  [12:55:15.792] DirectoryWatcher:: Triggered with /home/niedzwiedz/Programming/atme-website/node_modules/@typescript-eslint/experimental-utils/node_modules :: WatchInfo: /home/niedzwiedz/Programming/atme-website/node_modules 1 undefined Project:  WatchType: node_modules for closed script infos in them
Info 373  [12:55:15.792] Elapsed:: 0.04641997814178467ms DirectoryWatcher:: Triggered with /home/niedzwiedz/Programming/atme-website/node_modules/@typescript-eslint/experimental-utils/node_modules :: WatchInfo: /home/niedzwiedz/Programming/atme-website/node_modules 1 undefined Project:  WatchType: node_modules for closed script infos in them
Info 374  [12:55:15.792] DirectoryWatcher:: Triggered with /home/niedzwiedz/Programming/atme-website/node_modules/@typescript-eslint/experimental-utils/node_modules :: WatchInfo: /home/niedzwiedz/Programming/atme-website/node_modules 1 undefined Project: /home/niedzwiedz/Programming/atme-website/tsconfig.json WatchType: Failed Lookup Locations
Info 375  [12:55:15.792] Elapsed:: 0.02117002010345459ms DirectoryWatcher:: Triggered with /home/niedzwiedz/Programming/atme-website/node_modules/@typescript-eslint/experimental-utils/node_modules :: WatchInfo: /home/niedzwiedz/Programming/atme-website/node_modules 1 undefined Project: /home/niedzwiedz/Programming/atme-website/tsconfig.json WatchType: Failed Lookup Locations
Info 376  [12:55:15.792] DirectoryWatcher:: Triggered with /home/niedzwiedz/Programming/atme-website/node_modules/@typescript-eslint/parser/node_modules :: WatchInfo: /home/niedzwiedz/Programming/atme-website/node_modules 1 undefined Project:  WatchType: node_modules for closed script infos in them
Info 377  [12:55:15.792] Elapsed:: 0.042609989643096924ms DirectoryWatcher:: Triggered with /home/niedzwiedz/Programming/atme-website/node_modules/@typescript-eslint/parser/node_modules :: WatchInfo: /home/niedzwiedz/Programming/atme-website/node_modules 1 undefined Project:  WatchType: node_modules for closed script infos in them
Info 378  [12:55:15.792] DirectoryWatcher:: Triggered with /home/niedzwiedz/Programming/atme-website/node_modules/@typescript-eslint/parser/node_modules :: WatchInfo: /home/niedzwiedz/Programming/atme-website/node_modules 1 undefined Project: /home/niedzwiedz/Programming/atme-website/tsconfig.json WatchType: Failed Lookup Locations
Info 379  [12:55:15.792] Elapsed:: 0.01967000961303711ms DirectoryWatcher:: Triggered with /home/niedzwiedz/Programming/atme-website/node_modules/@typescript-eslint/parser/node_modules :: WatchInfo: /home/niedzwiedz/Programming/atme-website/node_modules 1 undefined Project: /home/niedzwiedz/Programming/atme-website/tsconfig.json WatchType: Failed Lookup Locations
Info 380  [12:55:15.792] DirectoryWatcher:: Triggered with /home/niedzwiedz/Programming/atme-website/node_modules/@typescript-eslint/typescript-estree/node_modules :: WatchInfo: /home/niedzwiedz/Programming/atme-website/node_modules 1 undefined Project:  WatchType: node_modules for closed script infos in them
Info 381  [12:55:15.792] Elapsed:: 0.03982102870941162ms DirectoryWatcher:: Triggered with /home/niedzwiedz/Programming/atme-website/node_modules/@typescript-eslint/typescript-estree/node_modules :: WatchInfo: /home/niedzwiedz/Programming/atme-website/node_modules 1 undefined Project:  WatchType: node_modules for closed script infos in them
Info 382  [12:55:15.792] DirectoryWatcher:: Triggered with /home/niedzwiedz/Programming/atme-website/node_modules/@typescript-eslint/typescript-estree/node_modules :: WatchInfo: /home/niedzwiedz/Programming/atme-website/node_modules 1 undefined Project: /home/niedzwiedz/Programming/atme-website/tsconfig.json WatchType: Failed Lookup Locations
Info 383  [12:55:15.792] Elapsed:: 0.020931005477905273ms DirectoryWatcher:: Triggered with /home/niedzwiedz/Programming/atme-website/node_modules/@typescript-eslint/typescript-estree/node_modules :: WatchInfo: /home/niedzwiedz/Programming/atme-website/node_modules 1 undefined Project: /home/niedzwiedz/Programming/atme-website/tsconfig.json WatchType: Failed Lookup Locations
Info 384  [12:55:15.793] DirectoryWatcher:: Triggered with /home/niedzwiedz/Programming/atme-website/node_modules/acorn-jsx/node_modules :: WatchInfo: /home/niedzwiedz/Programming/atme-website/node_modules 1 undefined Project:  WatchType: node_modules for closed script infos in them
Info 385  [12:55:15.793] Elapsed:: 0.05322098731994629ms DirectoryWatcher:: Triggered with /home/niedzwiedz/Programming/atme-website/node_modules/acorn-jsx/node_modules :: WatchInfo: /home/niedzwiedz/Programming/atme-website/node_modules 1 undefined Project:  WatchType: node_modules for closed script infos in them
Info 386  [12:55:15.793] DirectoryWatcher:: Triggered with /home/niedzwiedz/Programming/atme-website/node_modules/acorn-jsx/node_modules :: WatchInfo: /home/niedzwiedz/Programming/atme-website/node_modules 1 undefined Project: /home/niedzwiedz/Programming/atme-website/tsconfig.json WatchType: Failed Lookup Locations
Info 387  [12:55:15.793] Elapsed:: 0.022100985050201416ms DirectoryWatcher:: Triggered with /home/niedzwiedz/Programming/atme-website/node_modules/acorn-jsx/node_modules :: WatchInfo: /home/niedzwiedz/Programming/atme-website/node_modules 1 undefined Project: /home/niedzwiedz/Programming/atme-website/tsconfig.json WatchType: Failed Lookup Locations
Info 388  [12:55:15.793] DirectoryWatcher:: Triggered with /home/niedzwiedz/Programming/atme-website/node_modules/cross-spawn/node_modules :: WatchInfo: /home/niedzwiedz/Programming/atme-website/node_modules 1 undefined Project:  WatchType: node_modules for closed script infos in them
Info 389  [12:55:15.793] Elapsed:: 0.04241997003555298ms DirectoryWatcher:: Triggered with /home/niedzwiedz/Programming/atme-website/node_modules/cross-spawn/node_modules :: WatchInfo: /home/niedzwiedz/Programming/atme-website/node_modules 1 undefined Project:  WatchType: node_modules for closed script infos in them
Info 390  [12:55:15.793] DirectoryWatcher:: Triggered with /home/niedzwiedz/Programming/atme-website/node_modules/cross-spawn/node_modules :: WatchInfo: /home/niedzwiedz/Programming/atme-website/node_modules 1 undefined Project: /home/niedzwiedz/Programming/atme-website/tsconfig.json WatchType: Failed Lookup Locations
Info 391  [12:55:15.793] Elapsed:: 0.019149959087371826ms DirectoryWatcher:: Triggered with /home/niedzwiedz/Programming/atme-website/node_modules/cross-spawn/node_modules :: WatchInfo: /home/niedzwiedz/Programming/atme-website/node_modules 1 undefined Project: /home/niedzwiedz/Programming/atme-website/tsconfig.json WatchType: Failed Lookup Locations
Info 392  [12:55:15.794] DirectoryWatcher:: Triggered with /home/niedzwiedz/Programming/atme-website/node_modules/eslint-config-prettier/node_modules :: WatchInfo: /home/niedzwiedz/Programming/atme-website/node_modules 1 undefined Project:  WatchType: node_modules for closed script infos in them
Info 393  [12:55:15.794] Elapsed:: 0.0426899790763855ms DirectoryWatcher:: Triggered with /home/niedzwiedz/Programming/atme-website/node_modules/eslint-config-prettier/node_modules :: WatchInfo: /home/niedzwiedz/Programming/atme-website/node_modules 1 undefined Project:  WatchType: node_modules for closed script infos in them
Info 394  [12:55:15.794] DirectoryWatcher:: Triggered with /home/niedzwiedz/Programming/atme-website/node_modules/eslint-config-prettier/node_modules :: WatchInfo: /home/niedzwiedz/Programming/atme-website/node_modules 1 undefined Project: /home/niedzwiedz/Programming/atme-website/tsconfig.json WatchType: Failed Lookup Locations
Info 395  [12:55:15.794] Elapsed:: 0.019900023937225342ms DirectoryWatcher:: Triggered with /home/niedzwiedz/Programming/atme-website/node_modules/eslint-config-prettier/node_modules :: WatchInfo: /home/niedzwiedz/Programming/atme-website/node_modules 1 undefined Project: /home/niedzwiedz/Programming/atme-website/tsconfig.json WatchType: Failed Lookup Locations
Info 396  [12:55:15.794] DirectoryWatcher:: Triggered with /home/niedzwiedz/Programming/atme-website/node_modules/eslint-plugin-svelte3/node_modules :: WatchInfo: /home/niedzwiedz/Programming/atme-website/node_modules 1 undefined Project:  WatchType: node_modules for closed script infos in them
Info 397  [12:55:15.794] Elapsed:: 0.04603999853134155ms DirectoryWatcher:: Triggered with /home/niedzwiedz/Programming/atme-website/node_modules/eslint-plugin-svelte3/node_modules :: WatchInfo: /home/niedzwiedz/Programming/atme-website/node_modules 1 undefined Project:  WatchType: node_modules for closed script infos in them
Info 398  [12:55:15.794] DirectoryWatcher:: Triggered with /home/niedzwiedz/Programming/atme-website/node_modules/eslint-plugin-svelte3/node_modules :: WatchInfo: /home/niedzwiedz/Programming/atme-website/node_modules 1 undefined Project: /home/niedzwiedz/Programming/atme-website/tsconfig.json WatchType: Failed Lookup Locations
Info 399  [12:55:15.794] Elapsed:: 0.02222996950149536ms DirectoryWatcher:: Triggered with /home/niedzwiedz/Programming/atme-website/node_modules/eslint-plugin-svelte3/node_modules :: WatchInfo: /home/niedzwiedz/Programming/atme-website/node_modules 1 undefined Project: /home/niedzwiedz/Programming/atme-website/tsconfig.json WatchType: Failed Lookup Locations
Info 400  [12:55:15.795] DirectoryWatcher:: Triggered with /home/niedzwiedz/Programming/atme-website/node_modules/espree/node_modules :: WatchInfo: /home/niedzwiedz/Programming/atme-website/node_modules 1 undefined Project:  WatchType: node_modules for closed script infos in them
Info 401  [12:55:15.795] Elapsed:: 0.04430103302001953ms DirectoryWatcher:: Triggered with /home/niedzwiedz/Programming/atme-website/node_modules/espree/node_modules :: WatchInfo: /home/niedzwiedz/Programming/atme-website/node_modules 1 undefined Project:  WatchType: node_modules for closed script infos in them
Info 402  [12:55:15.795] DirectoryWatcher:: Triggered with /home/niedzwiedz/Programming/atme-website/node_modules/espree/node_modules :: WatchInfo: /home/niedzwiedz/Programming/atme-website/node_modules 1 undefined Project: /home/niedzwiedz/Programming/atme-website/tsconfig.json WatchType: Failed Lookup Locations
Info 403  [12:55:15.795] Elapsed:: 0.0184900164604187ms DirectoryWatcher:: Triggered with /home/niedzwiedz/Programming/atme-website/node_modules/espree/node_modules :: WatchInfo: /home/niedzwiedz/Programming/atme-website/node_modules 1 undefined Project: /home/niedzwiedz/Programming/atme-website/tsconfig.json WatchType: Failed Lookup Locations
Info 404  [12:55:15.795] DirectoryWatcher:: Triggered with /home/niedzwiedz/Programming/atme-website/node_modules/flat-cache/node_modules :: WatchInfo: /home/niedzwiedz/Programming/atme-website/node_modules 1 undefined Project:  WatchType: node_modules for closed script infos in them
Info 405  [12:55:15.795] Elapsed:: 0.040760040283203125ms DirectoryWatcher:: Triggered with /home/niedzwiedz/Programming/atme-website/node_modules/flat-cache/node_modules :: WatchInfo: /home/niedzwiedz/Programming/atme-website/node_modules 1 undefined Project:  WatchType: node_modules for closed script infos in them
Info 406  [12:55:15.795] DirectoryWatcher:: Triggered with /home/niedzwiedz/Programming/atme-website/node_modules/flat-cache/node_modules :: WatchInfo: /home/niedzwiedz/Programming/atme-website/node_modules 1 undefined Project: /home/niedzwiedz/Programming/atme-website/tsconfig.json WatchType: Failed Lookup Locations
Info 407  [12:55:15.795] Elapsed:: 0.018599987030029297ms DirectoryWatcher:: Triggered with /home/niedzwiedz/Programming/atme-website/node_modules/flat-cache/node_modules :: WatchInfo: /home/niedzwiedz/Programming/atme-website/node_modules 1 undefined Project: /home/niedzwiedz/Programming/atme-website/tsconfig.json WatchType: Failed Lookup Locations
Info 408  [12:55:15.796] DirectoryWatcher:: Triggered with /home/niedzwiedz/Programming/atme-website/node_modules/js-yaml/node_modules :: WatchInfo: /home/niedzwiedz/Programming/atme-website/node_modules 1 undefined Project:  WatchType: node_modules for closed script infos in them
Info 409  [12:55:15.796] Elapsed:: 0.04168999195098877ms DirectoryWatcher:: Triggered with /home/niedzwiedz/Programming/atme-website/node_modules/js-yaml/node_modules :: WatchInfo: /home/niedzwiedz/Programming/atme-website/node_modules 1 undefined Project:  WatchType: node_modules for closed script infos in them
Info 410  [12:55:15.796] DirectoryWatcher:: Triggered with /home/niedzwiedz/Programming/atme-website/node_modules/js-yaml/node_modules :: WatchInfo: /home/niedzwiedz/Programming/atme-website/node_modules 1 undefined Project: /home/niedzwiedz/Programming/atme-website/tsconfig.json WatchType: Failed Lookup Locations
Info 411  [12:55:15.796] Elapsed:: 0.0216599702835083ms DirectoryWatcher:: Triggered with /home/niedzwiedz/Programming/atme-website/node_modules/js-yaml/node_modules :: WatchInfo: /home/niedzwiedz/Programming/atme-website/node_modules 1 undefined Project: /home/niedzwiedz/Programming/atme-website/tsconfig.json WatchType: Failed Lookup Locations
Info 412  [12:55:15.797] DirectoryWatcher:: Triggered with /home/niedzwiedz/Programming/atme-website/node_modules/postcss/node_modules :: WatchInfo: /home/niedzwiedz/Programming/atme-website/node_modules 1 undefined Project:  WatchType: node_modules for closed script infos in them
Info 413  [12:55:15.797] Elapsed:: 0.04365098476409912ms DirectoryWatcher:: Triggered with /home/niedzwiedz/Programming/atme-website/node_modules/postcss/node_modules :: WatchInfo: /home/niedzwiedz/Programming/atme-website/node_modules 1 undefined Project:  WatchType: node_modules for closed script infos in them
Info 414  [12:55:15.797] DirectoryWatcher:: Triggered with /home/niedzwiedz/Programming/atme-website/node_modules/postcss/node_modules :: WatchInfo: /home/niedzwiedz/Programming/atme-website/node_modules 1 undefined Project: /home/niedzwiedz/Programming/atme-website/tsconfig.json WatchType: Failed Lookup Locations
Info 415  [12:55:15.797] Elapsed:: 0.01835101842880249ms DirectoryWatcher:: Triggered with /home/niedzwiedz/Programming/atme-website/node_modules/postcss/node_modules :: WatchInfo: /home/niedzwiedz/Programming/atme-website/node_modules 1 undefined Project: /home/niedzwiedz/Programming/atme-website/tsconfig.json WatchType: Failed Lookup Locations
Info 416  [12:55:15.797] DirectoryWatcher:: Triggered with /home/niedzwiedz/Programming/atme-website/node_modules/prettier-plugin-svelte/node_modules :: WatchInfo: /home/niedzwiedz/Programming/atme-website/node_modules 1 undefined Project:  WatchType: node_modules for closed script infos in them
Info 417  [12:55:15.797] Elapsed:: 0.040199995040893555ms DirectoryWatcher:: Triggered with /home/niedzwiedz/Programming/atme-website/node_modules/prettier-plugin-svelte/node_modules :: WatchInfo: /home/niedzwiedz/Programming/atme-website/node_modules 1 undefined Project:  WatchType: node_modules for closed script infos in them
Info 418  [12:55:15.797] DirectoryWatcher:: Triggered with /home/niedzwiedz/Programming/atme-website/node_modules/prettier-plugin-svelte/node_modules :: WatchInfo: /home/niedzwiedz/Programming/atme-website/node_modules 1 undefined Project: /home/niedzwiedz/Programming/atme-website/tsconfig.json WatchType: Failed Lookup Locations
Info 419  [12:55:15.797] Elapsed:: 0.01753997802734375ms DirectoryWatcher:: Triggered with /home/niedzwiedz/Programming/atme-website/node_modules/prettier-plugin-svelte/node_modules :: WatchInfo: /home/niedzwiedz/Programming/atme-website/node_modules 1 undefined Project: /home/niedzwiedz/Programming/atme-website/tsconfig.json WatchType: Failed Lookup Locations
Info 420  [12:55:15.798] DirectoryWatcher:: Triggered with /home/niedzwiedz/Programming/atme-website/node_modules/svelte-check/node_modules :: WatchInfo: /home/niedzwiedz/Programming/atme-website/node_modules 1 undefined Project:  WatchType: node_modules for closed script infos in them
Info 421  [12:55:15.798] Elapsed:: 0.04027998447418213ms DirectoryWatcher:: Triggered with /home/niedzwiedz/Programming/atme-website/node_modules/svelte-check/node_modules :: WatchInfo: /home/niedzwiedz/Programming/atme-website/node_modules 1 undefined Project:  WatchType: node_modules for closed script infos in them
Info 422  [12:55:15.798] DirectoryWatcher:: Triggered with /home/niedzwiedz/Programming/atme-website/node_modules/svelte-check/node_modules :: WatchInfo: /home/niedzwiedz/Programming/atme-website/node_modules 1 undefined Project: /home/niedzwiedz/Programming/atme-website/tsconfig.json WatchType: Failed Lookup Locations
Info 423  [12:55:15.798] Elapsed:: 0.017619967460632324ms DirectoryWatcher:: Triggered with /home/niedzwiedz/Programming/atme-website/node_modules/svelte-check/node_modules :: WatchInfo: /home/niedzwiedz/Programming/atme-website/node_modules 1 undefined Project: /home/niedzwiedz/Programming/atme-website/tsconfig.json WatchType: Failed Lookup Locations
Info 424  [12:55:15.798] DirectoryWatcher:: Triggered with /home/niedzwiedz/Programming/atme-website/node_modules/svelte-preprocess/node_modules :: WatchInfo: /home/niedzwiedz/Programming/atme-website/node_modules 1 undefined Project:  WatchType: node_modules for closed script infos in them
Info 425  [12:55:15.798] Elapsed:: 0.03905004262924194ms DirectoryWatcher:: Triggered with /home/niedzwiedz/Programming/atme-website/node_modules/svelte-preprocess/node_modules :: WatchInfo: /home/niedzwiedz/Programming/atme-website/node_modules 1 undefined Project:  WatchType: node_modules for closed script infos in them
Info 426  [12:55:15.798] DirectoryWatcher:: Triggered with /home/niedzwiedz/Programming/atme-website/node_modules/svelte-preprocess/node_modules :: WatchInfo: /home/niedzwiedz/Programming/atme-website/node_modules 1 undefined Project: /home/niedzwiedz/Programming/atme-website/tsconfig.json WatchType: Failed Lookup Locations
Info 427  [12:55:15.798] Elapsed:: 0.017919957637786865ms DirectoryWatcher:: Triggered with /home/niedzwiedz/Programming/atme-website/node_modules/svelte-preprocess/node_modules :: WatchInfo: /home/niedzwiedz/Programming/atme-website/node_modules 1 undefined Project: /home/niedzwiedz/Programming/atme-website/tsconfig.json WatchType: Failed Lookup Locations
Info 428  [12:55:15.798] DirectoryWatcher:: Triggered with /home/niedzwiedz/Programming/atme-website/node_modules/vite/node_modules :: WatchInfo: /home/niedzwiedz/Programming/atme-website/node_modules 1 undefined Project:  WatchType: node_modules for closed script infos in them
Info 429  [12:55:15.798] Elapsed:: 0.04149097204208374ms DirectoryWatcher:: Triggered with /home/niedzwiedz/Programming/atme-website/node_modules/vite/node_modules :: WatchInfo: /home/niedzwiedz/Programming/atme-website/node_modules 1 undefined Project:  WatchType: node_modules for closed script infos in them
Info 430  [12:55:15.798] DirectoryWatcher:: Triggered with /home/niedzwiedz/Programming/atme-website/node_modules/vite/node_modules :: WatchInfo: /home/niedzwiedz/Programming/atme-website/node_modules 1 undefined Project: /home/niedzwiedz/Programming/atme-website/tsconfig.json WatchType: Failed Lookup Locations
Info 431  [12:55:15.798] Elapsed:: 0.020190000534057617ms DirectoryWatcher:: Triggered with /home/niedzwiedz/Programming/atme-website/node_modules/vite/node_modules :: WatchInfo: /home/niedzwiedz/Programming/atme-website/node_modules 1 undefined Project: /home/niedzwiedz/Programming/atme-website/tsconfig.json WatchType: Failed Lookup Locations
Info 432  [12:55:17.053] Starting updateGraphWorker: Project: /home/niedzwiedz/Programming/atme-website/tsconfig.json
Info 433  [12:55:17.099] Finishing updateGraphWorker: Project: /home/niedzwiedz/Programming/atme-website/tsconfig.json Version: 74 structureChanged: true Elapsed: 46.05143600702286ms
Info 434  [12:55:17.099] Different program with same set of files:: structureIsReused:: 1
Info 435  [12:55:17.304] DirectoryWatcher:: Triggered with /home/niedzwiedz/Programming/atme-website/node_modules :: WatchInfo: /home/niedzwiedz/Programming/atme-website/node_modules 1 undefined Project:  WatchType: node_modules for closed script infos in them
Info 436  [12:55:17.304] Elapsed:: 0.4615170359611511ms DirectoryWatcher:: Triggered with /home/niedzwiedz/Programming/atme-website/node_modules :: WatchInfo: /home/niedzwiedz/Programming/atme-website/node_modules 1 undefined Project:  WatchType: node_modules for closed script infos in them
Info 437  [12:55:17.304] DirectoryWatcher:: Triggered with /home/niedzwiedz/Programming/atme-website/node_modules :: WatchInfo: /home/niedzwiedz/Programming/atme-website/node_modules 1 undefined Project: /home/niedzwiedz/Programming/atme-website/tsconfig.json WatchType: Failed Lookup Locations
Info 438  [12:55:17.304] Elapsed:: 0.06667101383209229ms DirectoryWatcher:: Triggered with /home/niedzwiedz/Programming/atme-website/node_modules :: WatchInfo: /home/niedzwiedz/Programming/atme-website/node_modules 1 undefined Project: /home/niedzwiedz/Programming/atme-website/tsconfig.json WatchType: Failed Lookup Locations
Info 439  [12:55:17.311] FileWatcher:: Triggered with /home/niedzwiedz/Programming/atme-website/package.json 1:: WatchInfo: /home/niedzwiedz/Programming/atme-website/package.json 250 undefined Project:  WatchType: package.json file for import suggestions
Info 440  [12:55:17.312] Elapsed:: 0.31646502017974854ms FileWatcher:: Triggered with /home/niedzwiedz/Programming/atme-website/package.json 1:: WatchInfo: /home/niedzwiedz/Programming/atme-website/package.json 250 undefined Project:  WatchType: package.json file for import suggestions
Info 441  [12:55:18.558] Starting updateGraphWorker: Project: /home/niedzwiedz/Programming/atme-website/tsconfig.json
Info 442  [12:55:18.622] Finishing updateGraphWorker: Project: /home/niedzwiedz/Programming/atme-website/tsconfig.json Version: 75 structureChanged: true Elapsed: 63.33961498737335ms
Info 443  [12:55:18.622] Different program with same set of files:: structureIsReused:: 1
Info 444  [12:55:20.809] Before ensureProjectForOpenFiles:
Info 445  [12:55:20.810] After ensureProjectForOpenFiles:
Info 446  [12:55:20.810] got projects updated in background, updating diagnostics for /home/niedzwiedz/Programming/atme-website/src/data.ts
Info 447  [12:57:43.053] DirectoryWatcher:: Triggered with /home/niedzwiedz/Programming/atme-website/netlify.toml :: WatchInfo: /home/niedzwiedz/Programming/atme-website 0 undefined Project: /home/niedzwiedz/Programming/atme-website/tsconfig.json WatchType: Failed Lookup Locations
Info 448  [12:57:43.053] Elapsed:: 0.04254096746444702ms DirectoryWatcher:: Triggered with /home/niedzwiedz/Programming/atme-website/netlify.toml :: WatchInfo: /home/niedzwiedz/Programming/atme-website 0 undefined Project: /home/niedzwiedz/Programming/atme-website/tsconfig.json WatchType: Failed Lookup Locations
Info 449  [12:58:43.922] Search path: /home/niedzwiedz/Programming/atme-website
Info 450  [12:58:43.922] For info: /home/niedzwiedz/Programming/atme-website/svelte.config.js :: Config file name: /home/niedzwiedz/Programming/atme-website/tsconfig.json
Info 451  [12:58:43.925] Starting updateGraphWorker: Project: /dev/null/inferredProject1*
Info 452  [12:58:44.573] Finishing updateGraphWorker: Project: /dev/null/inferredProject1* Version: 1 structureChanged: true Elapsed: 647.4284560084343ms
Info 453  [12:58:44.573] Project '/dev/null/inferredProject1*' (Inferred)
Info 454  [12:58:44.573] 	Files (157)

Info 455  [12:58:44.573] -----------------------------------------------
Info 456  [12:58:46.837] Starting updateGraphWorker: Project: /dev/null/inferredProject1*
Info 457  [12:58:47.447] Finishing updateGraphWorker: Project: /dev/null/inferredProject1* Version: 2 structureChanged: true Elapsed: 609.5469840168953ms
Info 458  [12:58:47.447] Project '/dev/null/inferredProject1*' (Inferred)
Info 459  [12:58:47.447] 	Files (382)

Info 460  [12:58:47.447] -----------------------------------------------
Info 461  [12:58:47.622] Starting updateGraphWorker: Project: /dev/null/inferredProject1*
Info 462  [12:58:47.652] Finishing updateGraphWorker: Project: /dev/null/inferredProject1* Version: 3 structureChanged: true Elapsed: 30.323743999004364ms
Info 463  [12:58:47.652] Project '/dev/null/inferredProject1*' (Inferred)
Info 464  [12:58:47.652] 	Files (382)

Info 465  [12:58:47.652] -----------------------------------------------
Info 466  [12:58:48.235] Starting updateGraphWorker: Project: /dev/null/inferredProject1*
Info 467  [12:58:48.246] Finishing updateGraphWorker: Project: /dev/null/inferredProject1* Version: 4 structureChanged: false Elapsed: 10.885881006717682ms
Info 468  [12:58:48.246] Different program with same set of files:: structureIsReused:: 2
Info 469  [12:58:50.079] Before ensureProjectForOpenFiles:
Info 470  [12:58:50.080] After ensureProjectForOpenFiles:
Info 471  [12:58:50.080] got projects updated in background, updating diagnostics for /home/niedzwiedz/Programming/atme-website/src/data.ts,/home/niedzwiedz/Programming/atme-website/svelte.config.js
Info 472  [12:58:52.955] Starting updateGraphWorker: Project: /dev/null/inferredProject1*
Info 473  [12:58:52.963] Finishing updateGraphWorker: Project: /dev/null/inferredProject1* Version: 5 structureChanged: false Elapsed: 7.727580010890961ms
Info 474  [12:58:52.963] Different program with same set of files:: structureIsReused:: 2
Err 475   [12:58:52.977] Exception on executing command {"command":"getCodeFixes","seq":1221,"type":"request","arguments":{"file":"/home/niedzwiedz/Programming/atme-website/svelte.config.js","startLine":15,"startOffset":1,"endLine":15,"endOffset":1,"errorCodes":[7028]}}:

    Debug Failure. Invalid cast. The supplied value [object Object] did not pass the test 'isLabeledStatement'.

    Error: Debug Failure. Invalid cast. The supplied value [object Object] did not pass the test 'isLabeledStatement'.
        at Object.cast (/home/niedzwiedz/.config/nvm/versions/node/v16.1.0/lib/node_modules/typescript/lib/tsserver.js:1500:25)
        at doChange (/home/niedzwiedz/.config/nvm/versions/node/v16.1.0/lib/node_modules/typescript/lib/tsserver.js:140544:39)
        at /home/niedzwiedz/.config/nvm/versions/node/v16.1.0/lib/node_modules/typescript/lib/tsserver.js:140536:96
        at Function.ChangeTracker.with (/home/niedzwiedz/.config/nvm/versions/node/v16.1.0/lib/node_modules/typescript/lib/tsserver.js:134319:17)
        at Object.getCodeActions (/home/niedzwiedz/.config/nvm/versions/node/v16.1.0/lib/node_modules/typescript/lib/tsserver.js:140536:64)
        at /home/niedzwiedz/.config/nvm/versions/node/v16.1.0/lib/node_modules/typescript/lib/tsserver.js:135493:77
        at Object.flatMap (/home/niedzwiedz/.config/nvm/versions/node/v16.1.0/lib/node_modules/typescript/lib/tsserver.js:515:25)
        at Object.getFixes (/home/niedzwiedz/.config/nvm/versions/node/v16.1.0/lib/node_modules/typescript/lib/tsserver.js:135493:23)
        at /home/niedzwiedz/.config/nvm/versions/node/v16.1.0/lib/node_modules/typescript/lib/tsserver.js:149557:35
        at Object.flatMap (/home/niedzwiedz/.config/nvm/versions/node/v16.1.0/lib/node_modules/typescript/lib/tsserver.js:515:25)
        at Object.getCodeFixesAtPosition (/home/niedzwiedz/.config/nvm/versions/node/v16.1.0/lib/node_modules/typescript/lib/tsserver.js:149555:23)
        at IOSession.Session.getCodeFixes (/home/niedzwiedz/.config/nvm/versions/node/v16.1.0/lib/node_modules/typescript/lib/tsserver.js:160663:64)
        at Session.handlers.ts.Map.ts.getEntries._a.<computed> (/home/niedzwiedz/.config/nvm/versions/node/v16.1.0/lib/node_modules/typescript/lib/tsserver.js:159335:61)
        at /home/niedzwiedz/.config/nvm/versions/node/v16.1.0/lib/node_modules/typescript/lib/tsserver.js:160963:88
        at IOSession.Session.executeWithRequestId (/home/niedzwiedz/.config/nvm/versions/node/v16.1.0/lib/node_modules/typescript/lib/tsserver.js:160954:28)
        at IOSession.Session.executeCommand (/home/niedzwiedz/.config/nvm/versions/node/v16.1.0/lib/node_modules/typescript/lib/tsserver.js:160963:33)
        at IOSession.Session.onMessage (/home/niedzwiedz/.config/nvm/versions/node/v16.1.0/lib/node_modules/typescript/lib/tsserver.js:160989:35)
        at Interface.<anonymous> (/home/niedzwiedz/.config/nvm/versions/node/v16.1.0/lib/node_modules/typescript/lib/tsserver.js:163650:31)
        at Interface.emit (node:events:365:28)
        at Interface._onLine (node:readline:443:10)
        at Interface._normalWrite (node:readline:597:12)
        at Socket.ondata (node:readline:243:10)
        at Socket.emit (node:events:365:28)
        at addChunk (node:internal/streams/readable:314:12)
        at readableAddChunk (node:internal/streams/readable:289:9)
        at Socket.Readable.push (node:internal/streams/readable:228:10)
        at Pipe.onStreamRead (node:internal/stream_base_commons:190:23)
Info 476  [12:58:55.909] Starting updateGraphWorker: Project: /dev/null/inferredProject1*
Info 477  [12:58:55.919] Finishing updateGraphWorker: Project: /dev/null/inferredProject1* Version: 6 structureChanged: false Elapsed: 10.207809031009674ms
Info 478  [12:58:55.919] Different program with same set of files:: structureIsReused:: 2
Info 479  [12:58:57.004] Starting updateGraphWorker: Project: /dev/null/inferredProject1*
Info 480  [12:58:57.013] Finishing updateGraphWorker: Project: /dev/null/inferredProject1* Version: 7 structureChanged: false Elapsed: 8.98133099079132ms
Info 481  [12:58:57.013] Different program with same set of files:: structureIsReused:: 2
Info 482  [12:59:05.080] Starting updateGraphWorker: Project: /dev/null/inferredProject1*
Info 483  [12:59:05.092] Finishing updateGraphWorker: Project: /dev/null/inferredProject1* Version: 8 structureChanged: false Elapsed: 11.818055987358093ms
Info 484  [12:59:05.092] Different program with same set of files:: structureIsReused:: 2
Info 485  [12:59:18.286] Starting updateGraphWorker: Project: /dev/null/inferredProject1*
Info 486  [12:59:18.318] Finishing updateGraphWorker: Project: /dev/null/inferredProject1* Version: 9 structureChanged: true Elapsed: 32.442619025707245ms
Info 487  [12:59:18.318] Project '/dev/null/inferredProject1*' (Inferred)
Info 488  [12:59:18.318] 	Files (383)

Info 489  [12:59:18.318] -----------------------------------------------
Info 490  [13:00:01.060] DirectoryWatcher:: Triggered with /home/niedzwiedz/Programming/atme-website/svelte.config.js :: WatchInfo: /home/niedzwiedz/Programming/atme-website 0 undefined Project: /home/niedzwiedz/Programming/atme-website/tsconfig.json WatchType: Failed Lookup Locations
Info 491  [13:00:01.060] Elapsed:: 0.2555040121078491ms DirectoryWatcher:: Triggered with /home/niedzwiedz/Programming/atme-website/svelte.config.js :: WatchInfo: /home/niedzwiedz/Programming/atme-website 0 undefined Project: /home/niedzwiedz/Programming/atme-website/tsconfig.json WatchType: Failed Lookup Locations
Info 492  [13:00:01.060] DirectoryWatcher:: Triggered with /home/niedzwiedz/Programming/atme-website/svelte.config.cjs :: WatchInfo: /home/niedzwiedz/Programming/atme-website 0 undefined Project: /home/niedzwiedz/Programming/atme-website/tsconfig.json WatchType: Failed Lookup Locations
Info 493  [13:00:01.060] Elapsed:: 0.04265999794006348ms DirectoryWatcher:: Triggered with /home/niedzwiedz/Programming/atme-website/svelte.config.cjs :: WatchInfo: /home/niedzwiedz/Programming/atme-website 0 undefined Project: /home/niedzwiedz/Programming/atme-website/tsconfig.json WatchType: Failed Lookup Locations
Info 494  [13:00:33.470] DirectoryWatcher:: Triggered with /home/niedzwiedz/Programming/atme-website/svelte.config.cjs :: WatchInfo: /home/niedzwiedz/Programming/atme-website 0 undefined Project: /home/niedzwiedz/Programming/atme-website/tsconfig.json WatchType: Failed Lookup Locations
Info 495  [13:00:33.471] Elapsed:: 0.04303997755050659ms DirectoryWatcher:: Triggered with /home/niedzwiedz/Programming/atme-website/svelte.config.cjs :: WatchInfo: /home/niedzwiedz/Programming/atme-website 0 undefined Project: /home/niedzwiedz/Programming/atme-website/tsconfig.json WatchType: Failed Lookup Locations
Info 496  [13:00:33.471] DirectoryWatcher:: Triggered with /home/niedzwiedz/Programming/atme-website/svelte.config.cs :: WatchInfo: /home/niedzwiedz/Programming/atme-website 0 undefined Project: /home/niedzwiedz/Programming/atme-website/tsconfig.json WatchType: Failed Lookup Locations
Info 497  [13:00:33.471] Elapsed:: 0.01146000623703003ms DirectoryWatcher:: Triggered with /home/niedzwiedz/Programming/atme-website/svelte.config.cs :: WatchInfo: /home/niedzwiedz/Programming/atme-website 0 undefined Project: /home/niedzwiedz/Programming/atme-website/tsconfig.json WatchType: Failed Lookup Locations
Info 498  [13:00:38.497] DirectoryWatcher:: Triggered with /home/niedzwiedz/Programming/atme-website/svelte.config.cs :: WatchInfo: /home/niedzwiedz/Programming/atme-website 0 undefined Project: /home/niedzwiedz/Programming/atme-website/tsconfig.json WatchType: Failed Lookup Locations
Info 499  [13:00:38.497] Elapsed:: 0.04462099075317383ms DirectoryWatcher:: Triggered with /home/niedzwiedz/Programming/atme-website/svelte.config.cs :: WatchInfo: /home/niedzwiedz/Programming/atme-website 0 undefined Project: /home/niedzwiedz/Programming/atme-website/tsconfig.json WatchType: Failed Lookup Locations
Info 500  [13:00:38.497] DirectoryWatcher:: Triggered with /home/niedzwiedz/Programming/atme-website/svelte.config.js :: WatchInfo: /home/niedzwiedz/Programming/atme-website 0 undefined Project: /home/niedzwiedz/Programming/atme-website/tsconfig.json WatchType: Failed Lookup Locations
Info 501  [13:00:38.497] Elapsed:: 0.2100130319595337ms DirectoryWatcher:: Triggered with /home/niedzwiedz/Programming/atme-website/svelte.config.js :: WatchInfo: /home/niedzwiedz/Programming/atme-website 0 undefined Project: /home/niedzwiedz/Programming/atme-website/tsconfig.json WatchType: Failed Lookup Locations
Info 502  [13:00:39.641] Search path: /home/niedzwiedz/Programming/atme-website
Info 503  [13:00:39.641] For info: /home/niedzwiedz/Programming/atme-website/svelte.config.js :: Config file name: /home/niedzwiedz/Programming/atme-website/tsconfig.json
Info 504  [13:00:39.642] Starting updateGraphWorker: Project: /dev/null/inferredProject1*
Info 505  [13:00:39.656] Finishing updateGraphWorker: Project: /dev/null/inferredProject1* Version: 10 structureChanged: false Elapsed: 13.78717702627182ms
Info 506  [13:00:39.656] Project '/dev/null/inferredProject1*' (Inferred)
Info 507  [13:00:39.656] 	Files (383)

Info 508  [13:00:39.656] -----------------------------------------------
Info 509  [13:03:52.852] Starting updateGraphWorker: Project: /dev/null/inferredProject1*
Info 510  [13:03:52.862] Finishing updateGraphWorker: Project: /dev/null/inferredProject1* Version: 11 structureChanged: false Elapsed: 10.451473951339722ms
Info 511  [13:03:52.862] Different program with same set of files:: structureIsReused:: 2
Info 512  [13:03:55.779] Starting updateGraphWorker: Project: /dev/null/inferredProject1*
Info 513  [13:03:55.789] Finishing updateGraphWorker: Project: /dev/null/inferredProject1* Version: 12 structureChanged: false Elapsed: 9.914266049861908ms
Info 514  [13:03:55.789] Different program with same set of files:: structureIsReused:: 2
Info 515  [13:05:43.896] Starting updateGraphWorker: Project: /dev/null/inferredProject1*
Info 516  [13:05:43.906] Finishing updateGraphWorker: Project: /dev/null/inferredProject1* Version: 13 structureChanged: false Elapsed: 9.758684992790222ms
Info 517  [13:05:43.906] Different program with same set of files:: structureIsReused:: 2
Info 518  [13:05:44.720] Starting updateGraphWorker: Project: /dev/null/inferredProject1*
Info 519  [13:05:44.730] Finishing updateGraphWorker: Project: /dev/null/inferredProject1* Version: 14 structureChanged: false Elapsed: 9.367597997188568ms
Info 520  [13:05:44.730] Different program with same set of files:: structureIsReused:: 2
Info 521  [13:05:44.731] getCompletionData: Get current token: 0.007390022277832031
Info 522  [13:05:44.731] getCompletionData: Is inside comment: 0.019631028175354004
Info 523  [13:05:44.731] getCompletionData: Get previous token 1: 0.009889960289001465
Info 524  [13:05:44.732] getCompletionData: Get previous token 2: 0.025780975818634033
Info 525  [13:05:44.732] getCompletionsAtPosition: isCompletionListBlocker: 0.18143302202224731
Info 526  [13:05:44.737] getSymbolsFromOtherSourceFileExports: Recomputing list
Info 527  [13:05:44.764] forEachExternalModuleToImportFrom: filtered out 314 modules by package.json contents
Info 528  [13:05:44.765] getSymbolsFromOtherSourceFileExports: 27.756678998470306
Info 529  [13:05:44.769] getCompletionData: Semantic work: 37.10452497005463
Info 530  [13:05:44.781] getCompletionsAtPosition: getCompletionEntriesFromSymbols: 11.846728026866913
Info 531  [13:05:44.786] getCompletionData: Get current token: 0.0029399991035461426
Info 532  [13:05:44.786] getCompletionData: Is inside comment: 0.013769984245300293
Info 533  [13:05:44.786] getCompletionData: Get previous token 1: 0.01025998592376709
Info 534  [13:05:44.786] getCompletionData: Get previous token 2: 0.01535099744796753
Info 535  [13:05:44.786] getCompletionsAtPosition: isCompletionListBlocker: 0.006889998912811279
Info 536  [13:05:44.789] getSymbolsFromOtherSourceFileExports: Using cached list
Info 537  [13:05:44.791] getCompletionData: Semantic work: 4.719893991947174
Info 538  [13:05:44.799] getCompletionsAtPosition: getCompletionEntriesFromSymbols: 8.100696980953217
Info 539  [13:05:44.802] getCompletionData: Get current token: 0.0026199817657470703
Info 540  [13:05:44.802] getCompletionData: Is inside comment: 0.013870000839233398
Info 541  [13:05:44.802] getCompletionData: Get previous token 1: 0.011449992656707764
Info 542  [13:05:44.802] getCompletionData: Get previous token 2: 0.01763099431991577
Info 543  [13:05:44.802] getCompletionsAtPosition: isCompletionListBlocker: 0.008180022239685059
Info 544  [13:05:44.805] getSymbolsFromOtherSourceFileExports: Using cached list
Info 545  [13:05:44.807] getCompletionData: Semantic work: 4.3494890332221985
Info 546  [13:05:44.814] getCompletionsAtPosition: getCompletionEntriesFromSymbols: 7.436468005180359
Info 547  [13:05:44.818] Starting updateGraphWorker: Project: /dev/null/inferredProject1*
Info 548  [13:05:44.827] Finishing updateGraphWorker: Project: /dev/null/inferredProject1* Version: 15 structureChanged: false Elapsed: 9.187134981155396ms
Info 549  [13:05:44.827] Different program with same set of files:: structureIsReused:: 2
Info 550  [13:05:45.118] Starting updateGraphWorker: Project: /dev/null/inferredProject1*
Info 551  [13:05:45.129] Finishing updateGraphWorker: Project: /dev/null/inferredProject1* Version: 16 structureChanged: false Elapsed: 10.409026026725769ms
Info 552  [13:05:45.129] Different program with same set of files:: structureIsReused:: 2
Info 553  [13:05:45.947] Starting updateGraphWorker: Project: /dev/null/inferredProject1*
Info 554  [13:05:45.956] Finishing updateGraphWorker: Project: /dev/null/inferredProject1* Version: 17 structureChanged: false Elapsed: 8.542206048965454ms
Info 555  [13:05:45.956] Different program with same set of files:: structureIsReused:: 2
Info 556  [13:05:45.957] getCompletionData: Get current token: 0.00400996208190918
Info 557  [13:05:45.957] getCompletionData: Is inside comment: 0.014030039310455322
Info 558  [13:05:45.957] getCompletionData: Get previous token 1: 0.009249985218048096
Info 559  [13:05:45.957] getCompletionData: Get previous token 2: 0.013569951057434082
Info 560  [13:05:45.957] getCompletionsAtPosition: isCompletionListBlocker: 0.004320025444030762
Info 561  [13:05:45.957] Returning an empty list because completion was requested in an invalid position.
Info 562  [13:05:45.957] getCompletionData: Get current token: 0.0023999810218811035
Info 563  [13:05:45.957] getCompletionData: Is inside comment: 0.015841007232666016
Info 564  [13:05:45.957] getCompletionData: Get previous token 1: 0.009090006351470947
Info 565  [13:05:45.957] getCompletionData: Get previous token 2: 0.009119987487792969
Info 566  [13:05:45.957] getCompletionsAtPosition: isCompletionListBlocker: 0.001940011978149414
Info 567  [13:05:45.957] Returning an empty list because completion was requested in an invalid position.
Info 568  [13:05:45.957] getCompletionData: Get current token: 0.0021799802780151367
Info 569  [13:05:45.957] getCompletionData: Is inside comment: 0.01144099235534668
Info 570  [13:05:45.957] getCompletionData: Get previous token 1: 0.010010004043579102
Info 571  [13:05:45.957] getCompletionData: Get previous token 2: 0.011829972267150879
Info 572  [13:05:45.957] getCompletionsAtPosition: isCompletionListBlocker: 0.0014499425888061523
Info 573  [13:05:45.957] Returning an empty list because completion was requested in an invalid position.
Info 574  [13:05:46.519] Starting updateGraphWorker: Project: /dev/null/inferredProject1*
Info 575  [13:05:46.533] Finishing updateGraphWorker: Project: /dev/null/inferredProject1* Version: 18 structureChanged: false Elapsed: 13.374659955501556ms
Info 576  [13:05:46.533] Different program with same set of files:: structureIsReused:: 2
Info 577  [13:05:46.533] getCompletionData: Get current token: 0.006410002708435059
Info 578  [13:05:46.533] getCompletionData: Is inside comment: 0.019771039485931396
Info 579  [13:05:46.533] getCompletionData: Get previous token 1: 0.014710009098052979
Info 580  [13:05:46.533] getCompletionData: Get previous token 2: 0.03466999530792236
Info 581  [13:05:46.533] getCompletionsAtPosition: isCompletionListBlocker: 0.01687002182006836
Info 582  [13:05:46.533] Returning an empty list because completion was requested in an invalid position.
Info 583  [13:05:46.534] getCompletionData: Get current token: 0.0038499832153320312
Info 584  [13:05:46.534] getCompletionData: Is inside comment: 0.017099976539611816
Info 585  [13:05:46.534] getCompletionData: Get previous token 1: 0.011591017246246338
Info 586  [13:05:46.534] getCompletionData: Get previous token 2: 0.020319998264312744
Info 587  [13:05:46.534] getCompletionsAtPosition: isCompletionListBlocker: 0.006110012531280518
Info 588  [13:05:46.534] Returning an empty list because completion was requested in an invalid position.
Info 589  [13:05:46.534] getCompletionData: Get current token: 0.0035799741744995117
Info 590  [13:05:46.534] getCompletionData: Is inside comment: 0.016790032386779785
Info 591  [13:05:46.534] getCompletionData: Get previous token 1: 0.012989997863769531
Info 592  [13:05:46.534] getCompletionData: Get previous token 2: 0.015209972858428955
Info 593  [13:05:46.534] getCompletionsAtPosition: isCompletionListBlocker: 0.005769968032836914
Info 594  [13:05:46.534] Returning an empty list because completion was requested in an invalid position.
Info 595  [13:05:46.725] Starting updateGraphWorker: Project: /dev/null/inferredProject1*
Info 596  [13:05:46.733] Finishing updateGraphWorker: Project: /dev/null/inferredProject1* Version: 19 structureChanged: false Elapsed: 7.701602041721344ms
Info 597  [13:05:46.733] Different program with same set of files:: structureIsReused:: 2
Info 598  [13:05:49.290] Starting updateGraphWorker: Project: /dev/null/inferredProject1*
Info 599  [13:05:49.341] Finishing updateGraphWorker: Project: /dev/null/inferredProject1* Version: 20 structureChanged: true Elapsed: 50.7119699716568ms
Info 600  [13:05:49.341] Project '/dev/null/inferredProject1*' (Inferred)
Info 601  [13:05:49.341] 	Files (382)

Info 602  [13:05:49.341] -----------------------------------------------
Info 603  [13:05:50.033] Starting updateGraphWorker: Project: /dev/null/inferredProject1*
Info 604  [13:05:50.065] Finishing updateGraphWorker: Project: /dev/null/inferredProject1* Version: 21 structureChanged: true Elapsed: 31.240942001342773ms
Info 605  [13:05:50.065] Project '/dev/null/inferredProject1*' (Inferred)
Info 606  [13:05:50.065] 	Files (383)

Info 607  [13:05:50.065] -----------------------------------------------
Info 608  [13:05:51.524] Starting updateGraphWorker: Project: /dev/null/inferredProject1*
Info 609  [13:05:51.532] Finishing updateGraphWorker: Project: /dev/null/inferredProject1* Version: 22 structureChanged: false Elapsed: 7.785552024841309ms
Info 610  [13:05:51.532] Different program with same set of files:: structureIsReused:: 2
Info 611  [13:05:52.329] Starting updateGraphWorker: Project: /dev/null/inferredProject1*
Info 612  [13:05:52.351] Finishing updateGraphWorker: Project: /dev/null/inferredProject1* Version: 23 structureChanged: true Elapsed: 21.607221007347107ms
Info 613  [13:05:52.351] Different program with same set of files:: structureIsReused:: 1
Info 614  [13:05:54.288] Starting updateGraphWorker: Project: /dev/null/inferredProject1*
Info 615  [13:05:54.297] Finishing updateGraphWorker: Project: /dev/null/inferredProject1* Version: 24 structureChanged: false Elapsed: 9.379368007183075ms
Info 616  [13:05:54.297] Different program with same set of files:: structureIsReused:: 2
Info 617  [13:05:59.557] DirectoryWatcher:: Triggered with /home/niedzwiedz/Programming/atme-website/functions :: WatchInfo: /home/niedzwiedz/Programming/atme-website 0 undefined Project: /home/niedzwiedz/Programming/atme-website/tsconfig.json WatchType: Failed Lookup Locations
Info 618  [13:05:59.557] Elapsed:: 0.043730974197387695ms DirectoryWatcher:: Triggered with /home/niedzwiedz/Programming/atme-website/functions :: WatchInfo: /home/niedzwiedz/Programming/atme-website 0 undefined Project: /home/niedzwiedz/Programming/atme-website/tsconfig.json WatchType: Failed Lookup Locations
Info 619  [13:05:59.563] DirectoryWatcher:: Triggered with /home/niedzwiedz/Programming/atme-website/build :: WatchInfo: /home/niedzwiedz/Programming/atme-website 0 undefined Project: /home/niedzwiedz/Programming/atme-website/tsconfig.json WatchType: Failed Lookup Locations
Info 620  [13:05:59.563] Elapsed:: 0.01389998197555542ms DirectoryWatcher:: Triggered with /home/niedzwiedz/Programming/atme-website/build :: WatchInfo: /home/niedzwiedz/Programming/atme-website 0 undefined Project: /home/niedzwiedz/Programming/atme-website/tsconfig.json WatchType: Failed Lookup Locations
Info 621  [13:11:35.308] FileWatcher:: Triggered with /home/niedzwiedz/Programming/atme-website/package.json 1:: WatchInfo: /home/niedzwiedz/Programming/atme-website/package.json 250 undefined Project:  WatchType: package.json file for import suggestions
Info 622  [13:11:35.309] Elapsed:: 0.39655500650405884ms FileWatcher:: Triggered with /home/niedzwiedz/Programming/atme-website/package.json 1:: WatchInfo: /home/niedzwiedz/Programming/atme-website/package.json 250 undefined Project:  WatchType: package.json file for import suggestions
Info 623  [13:20:03.023] FileWatcher:: Triggered with /home/niedzwiedz/Programming/atme-website/package.json 1:: WatchInfo: /home/niedzwiedz/Programming/atme-website/package.json 250 undefined Project:  WatchType: package.json file for import suggestions
Info 624  [13:20:03.023] Elapsed:: 0.16563302278518677ms FileWatcher:: Triggered with /home/niedzwiedz/Programming/atme-website/package.json 1:: WatchInfo: /home/niedzwiedz/Programming/atme-website/package.json 250 undefined Project:  WatchType: package.json file for import suggestions
